<?xml version="1.0" encoding="UTF-8" standalone="yes" ?>
<!DOCTYPE bugzilla SYSTEM "https://bugzilla.redhat.com/page.cgi?id=bugzilla.dtd">

<bugzilla version="4.4.12068.1"
          urlbase="https://bugzilla.redhat.com/"
          
          maintainer="bugzilla-error-list@redhat.com"
>

    <bug>
          <bug_id>1275619</bug_id>
          
          <creation_ts>2015-10-27 07:05:00 -0400</creation_ts>
          <short_desc>tests fail on big endian arches</short_desc>
          <delta_ts>2016-06-27 13:16:25 -0400</delta_ts>
          <reporter_accessible>1</reporter_accessible>
          <cclist_accessible>1</cclist_accessible>
          <classification_id>2</classification_id>
          <classification>Fedora</classification>
          <product>Fedora</product>
          <component>libndn-cxx</component>
          <version>24</version>
          <rep_platform>Unspecified</rep_platform>
          <op_sys>Unspecified</op_sys>
          <bug_status>CLOSED</bug_status>
          <resolution>CURRENTRELEASE</resolution>
          
          
          <bug_file_loc></bug_file_loc>
          <status_whiteboard></status_whiteboard>
          <keywords></keywords>
          <priority>unspecified</priority>
          <bug_severity>unspecified</bug_severity>
          <target_milestone>---</target_milestone>
          
          <blocked>467765</blocked>
    
    
    <blocked>1071880</blocked>
          <everconfirmed>1</everconfirmed>
          <reporter name="Dan Horák">dan</reporter>
          <assigned_to name="Susmit">thinklinux.ssh</assigned_to>
          <cc>hannsj_uhl</cc>
    
    
    <cc>mjuszkie</cc>
    
    
    <cc>than</cc>
    
    
    <cc>thinklinux.ssh</cc>
          <qa_contact name="Fedora Extras Quality Assurance">extras-qa</qa_contact>
          
          <cf_fixed_in></cf_fixed_in>
          <cf_doc_type>Bug Fix</cf_doc_type>
          <cf_release_notes></cf_release_notes>
          <cf_story_points>---</cf_story_points>
          
          <cf_environment></cf_environment>
          <cf_last_closed>2016-06-27 13:16:25</cf_last_closed>
          <cf_type>Bug</cf_type>
          <cf_regression_status>---</cf_regression_status>
          <cf_mount_type>---</cf_mount_type>
          <cf_documentation_action>---</cf_documentation_action>
          <cf_crm></cf_crm>
          <cf_verified_branch></cf_verified_branch>
          <cf_category>---</cf_category>
          <cf_ovirt_team>---</cf_ovirt_team>
          
          <cf_cloudforms_team>---</cf_cloudforms_team>
          
          
          
          
          <target_release>---</target_release>
          
          <votes>0</votes>

      

      

      

          <comment_sort_order>oldest_to_newest</comment_sort_order>  
          <long_desc isprivate="0" >
    <commentid>8758168</commentid>
    <comment_count>0</comment_count>
    <who name="Dan Horák">dan</who>
    <bug_when>2015-10-27 07:05:22 -0400</bug_when>
    <thetext>Tests are failing on big endian arches like s390(x) or ppc64

from build.log
...
Executing(%check): /bin/sh -e /var/tmp/rpm-tmp.2MciND
+ umask 022
+ cd /builddir/build/BUILD
+ cd ndn-cxx-ndn-cxx-0.3.4
+ export LD_LIBRARY_PATH=/builddir/build/BUILD/ndn-cxx-ndn-cxx-0.3.4/build
+ LD_LIBRARY_PATH=/builddir/build/BUILD/ndn-cxx-ndn-cxx-0.3.4/build
+ build/unit-tests
Running 607 test cases...
../tests/unit-tests/interest.t.cpp(887): error in &quot;Decode&quot;: check i.getNonce() == 1U failed [16777216 != 1]
../tests/unit-tests/interest.t.cpp(907): error in &quot;DecodeFromStream&quot;: check i.getNonce() == 1U failed [16777216 != 1]
../tests/unit-tests/interest.t.cpp(931): error in &quot;Encode&quot;: check { Interest1, Interest1 + sizeof(Interest1) } == { wire.begin(), wire.end() } failed. 
Mismatch in a position 83:  != �
Mismatch in a position 86: � != 
../tests/unit-tests/interest.t.cpp(940): error in &quot;Encode&quot;: check { Interest2, Interest2 + sizeof(Interest2) } == { wire.begin(), wire.end() } failed. 
Mismatch in a position 83:  != �
Mismatch in a position 86: � != 
../tests/unit-tests/name.t.cpp(408): error in &quot;Compare&quot;: check -1 == Name(&quot;/A&quot;) .compare(Name(&quot;/B&quot;)) failed [-1 != -2]
../tests/unit-tests/name.t.cpp(417): error in &quot;Compare&quot;: check -1 == Name(&quot;/Z/A/Y&quot;) .compare(1, 1, Name(&quot;/B&quot;)) failed [-1 != -2]
../tests/unit-tests/name.t.cpp(426): error in &quot;Compare&quot;: check -1 == Name(&quot;/Z/A&quot;) .compare(1, Name::npos, Name(&quot;/B&quot;)) failed [-1 != -2]
../tests/unit-tests/name.t.cpp(435): error in &quot;Compare&quot;: check -1 == Name(&quot;/Z/A/Y&quot;) .compare(1, 1, Name(&quot;/X/B/W&quot;), 1, 1) failed [-1 != -2]
../tests/unit-tests/name.t.cpp(444): error in &quot;Compare&quot;: check -1 == Name(&quot;/Z/A/Y&quot;) .compare(1, 1, Name(&quot;/X/B&quot;), 1) failed [-1 != -2]
*** 9 failures detected in test suite &quot;ndn-cxx Unit Tests&quot;
error: Bad exit status from /var/tmp/rpm-tmp.2MciND (%check)

for full logs please see http://ppc.koji.fedoraproject.org/koji/taskinfo?taskID=2833893 or http://s390.koji.fedoraproject.org/koji/taskinfo?taskID=1971883

Version-Release number of selected component (if applicable):
libndn-cxx-0.3.4-4.fc23</thetext>
  </long_desc><long_desc isprivate="0" >
    <commentid>8758917</commentid>
    <comment_count>1</comment_count>
    <who name="Susmit">thinklinux.ssh</who>
    <bug_when>2015-10-27 10:14:56 -0400</bug_when>
    <thetext>Thanks reported to upstream.

http://redmine.named-data.net/issues/3294</thetext>
  </long_desc><long_desc isprivate="0" >
    <commentid>8806447</commentid>
    <comment_count>2</comment_count>
    <who name="Marcin Juszkiewicz">mjuszkie</who>
    <bug_when>2015-11-10 04:55:57 -0500</bug_when>
    <thetext>https://github.com/named-data/ndn-cxx/pull/3 should fix &quot;Compare&quot; part which also exists on AArch64.</thetext>
  </long_desc><long_desc isprivate="0" >
    <commentid>8991201</commentid>
    <comment_count>3</comment_count>
    <who name="Marcin Juszkiewicz">mjuszkie</who>
    <bug_when>2016-01-19 08:06:09 -0500</bug_when>
    <thetext>*** Bug 1297894 has been marked as a duplicate of this bug. ***</thetext>
  </long_desc><long_desc isprivate="0" >
    <commentid>9092411</commentid>
    <comment_count>4</comment_count>
    <who name="Jan Kurik">jkurik</who>
    <bug_when>2016-02-24 08:52:50 -0500</bug_when>
    <thetext>This bug appears to have been reported against &apos;rawhide&apos; during the Fedora 24 development cycle.
Changing version to &apos;24&apos;.

More information and reason for this action is here:
https://fedoraproject.org/wiki/Fedora_Program_Management/HouseKeeping/Fedora24#Rawhide_Rebase</thetext>
  </long_desc><long_desc isprivate="0" >
    <commentid>9456290</commentid>
    <comment_count>5</comment_count>
    <who name="Ngo Than">than</who>
    <bug_when>2016-06-27 13:16:25 -0400</bug_when>
    <thetext>it&apos;s fixed in libndn-cxx-0.4.x</thetext>
  </long_desc>
      
      

    </bug>

</bugzilla>