<?xml version="1.0" encoding="UTF-8" standalone="yes" ?>
<!DOCTYPE bugzilla SYSTEM "https://bugzilla.redhat.com/page.cgi?id=bugzilla.dtd">

<bugzilla version="4.4.12068.1"
          urlbase="https://bugzilla.redhat.com/"
          
          maintainer="bugzilla-error-list@redhat.com"
>

    <bug>
          <bug_id>1359680</bug_id>
          
          <creation_ts>2016-07-25 05:53:00 -0400</creation_ts>
          <short_desc>bug00201 test failure</short_desc>
          <delta_ts>2016-07-30 14:23:47 -0400</delta_ts>
          <reporter_accessible>1</reporter_accessible>
          <cclist_accessible>1</cclist_accessible>
          <classification_id>2</classification_id>
          <classification>Fedora</classification>
          <product>Fedora</product>
          <component>gd</component>
          <version>25</version>
          <rep_platform>s390x</rep_platform>
          <op_sys>Unspecified</op_sys>
          <bug_status>CLOSED</bug_status>
          <resolution>ERRATA</resolution>
          
          
          <bug_file_loc></bug_file_loc>
          <status_whiteboard></status_whiteboard>
          <keywords></keywords>
          <priority>unspecified</priority>
          <bug_severity>unspecified</bug_severity>
          <target_milestone>---</target_milestone>
          
          <blocked>467765</blocked>
    
    
    <blocked>922257</blocked>
    
    
    <blocked>1071880</blocked>
          <everconfirmed>1</everconfirmed>
          <reporter name="Dan Horák">dan</reporter>
          <assigned_to name="Marek Skalický">mskalick</assigned_to>
          <cc>fedora</cc>
    
    
    <cc>hhorak</cc>
    
    
    <cc>jmlich83</cc>
    
    
    <cc>mskalick</cc>
    
    
    <cc>pbrobinson</cc>
    
    
    <cc>varekova</cc>
          <qa_contact name="Fedora Extras Quality Assurance">extras-qa</qa_contact>
          
          <cf_fixed_in>gd-2.2.3-2.fc24</cf_fixed_in>
          <cf_doc_type>If docs needed, set a value</cf_doc_type>
          <cf_release_notes></cf_release_notes>
          <cf_story_points>---</cf_story_points>
          
          <cf_environment></cf_environment>
          <cf_last_closed>2016-07-30 14:23:47</cf_last_closed>
          <cf_type>Bug</cf_type>
          <cf_regression_status>---</cf_regression_status>
          <cf_mount_type>---</cf_mount_type>
          <cf_documentation_action>---</cf_documentation_action>
          <cf_crm></cf_crm>
          <cf_verified_branch></cf_verified_branch>
          <cf_category>---</cf_category>
          <cf_ovirt_team>---</cf_ovirt_team>
          
          <cf_cloudforms_team>---</cf_cloudforms_team>
          
          
          
          
          <target_release>---</target_release>
          
          <votes>0</votes>

      

      

      

          <comment_sort_order>oldest_to_newest</comment_sort_order>  
          <long_desc isprivate="0" >
    <commentid>9545820</commentid>
    <comment_count>0</comment_count>
    <who name="Dan Horák">dan</who>
    <bug_when>2016-07-25 05:53:55 -0400</bug_when>
    <thetext>The bug00201 test fails on s390x, both in F-24 and Rawhide.

...
make  check-TESTS
make[2]: Entering directory &apos;/builddir/build/BUILD/libgd-2.2.3/tests&apos;
make[3]: Entering directory &apos;/builddir/build/BUILD/libgd-2.2.3/tests&apos;
PASS: bmp/bmp_null
PASS: bmp/bmp_im2im
PASS: freetype/bug00132
PASS: gd/gd_null
PASS: gd/gd_num_colors
PASS: gd/gd_versiontest
PASS: gd/gd_im2im
PASS: gd2/gd2_empty_file
PASS: gd2/php_bug_72339
PASS: gd2/gd2_read_corrupt
PASS: gd2/gd2_null
PASS: gd2/gd2_im2im
PASS: gd2/gd2_read
PASS: gdimagearc/bug00079
PASS: gdimagecolorclosest/gdimagecolorclosest
PASS: gdimagecolordeallocate/gdimagecolordeallocate
PASS: gdimagecolorexact/gdimagecolorexact
PASS: gdimagecolorreplace/gdimagecolorreplace
PASS: gdimagecolorresolve/gdimagecolorresolve
PASS: gdimagecolortransparent/gdimagecolortransparent
PASS: gdimagecopy/bug00007
PASS: gdimagecopy/bug00081
PASS: gdimagecopyresampled/basic
PASS: gdimagecopyresampled/basic_alpha
PASS: gdimagecopyresampled/exact_alpha
FAIL: gdimagecopyresampled/bug00201
PASS: gdimagecopyrotated/bug00020
PASS: gdimagecrop/php_bug_72494
PASS: gdimagefile/gdnametest
PASS: gdimagefill/bug00002_1
PASS: gdimagefill/bug00002_2
PASS: gdimagefill/bug00002_3
PASS: gdimagefill/bug00002_4
PASS: gdimagefill/bug00104_1
PASS: gdimagefilledarc/php_bug43828
PASS: gdimagefilledellipse/bug00010
PASS: gdimagefilledellipse/bug00191
PASS: gdimagefilledellipse/github_bug_00238
PASS: gdimagefilledpolygon/bug00100
PASS: gdimagefilledpolygon/gdimagefilledpolygon0
PASS: gdimagefilledpolygon/gdimagefilledpolygon1
PASS: gdimagefilledpolygon/gdimagefilledpolygon2
PASS: gdimagefilledpolygon/gdimagefilledpolygon3
PASS: gdimagefilledpolygon/php_bug_64641
PASS: gdimagefilledrectangle/bug00004
PASS: gdimagefilledrectangle/bug00078
PASS: gdimagefilledrectangle/bug00106_gdimagefilledrectangle
PASS: gdimagefilltoborder/bug00037
PASS: gdimagefilltoborder/github_bug_215
PASS: gdimagefilter/gdCopyBlurred
PASS: gdimageline/gdimageline_aa_outofrange
PASS: gdimageline/bug00072
PASS: gdimageline/bug00077
PASS: gdimageline/bug00111
PASS: gdimageline/gdimageline_aa
PASS: gdimageline/gdimageline_bug5
PASS: gdimageline/gdImageAALine_thickness
PASS: gdimageline/github_bug_167
PASS: gdimageopenpolygon/gdimageopenpolygon0
PASS: gdimageopenpolygon/gdimageopenpolygon1
PASS: gdimageopenpolygon/gdimageopenpolygon2
PASS: gdimageopenpolygon/gdimageopenpolygon3
PASS: gdimagepixelate/gdimagepixelate
PASS: gdimagepolygon/gdimagepolygon0
PASS: gdimagepolygon/gdimagepolygon1
PASS: gdimagepolygon/gdimagepolygon2
PASS: gdimagepolygon/gdimagepolygon3
PASS: gdimagerectangle/bug00003
PASS: gdimagerectangle/bug00106_gdimagerectangle
PASS: gdimagerectangle/github_bug_00172
PASS: gdimagerotate/bug00067
PASS: gdimagerotate/php_bug_64898
PASS: gdimagescale/github_bug_00218
PASS: gdimagescale/bug_overflow_large_new_size
PASS: gdimagescatterex/bug00208_1
PASS: gdimagescatterex/bug00208_2
PASS: gdimagesetpixel/bug00186
PASS: gdimagesetpixel/gdeffectmultiply
PASS: gdimagesetpixel/gdeffectoverlay
PASS: gdimagestringft/gdimagestringft_bbox
PASS: gdimagestringftex/gdimagestringftex_returnfontpathname
PASS: gdimagetruecolortopalette/php_bug_72512
PASS: gdinterpolatedscale/gdModesAndPalettes
PASS: gdinterpolatedscale/gdTrivialResize
PASS: gdnewfilectx/gdnewfilectx_null
PASS: gdtiled/bug00032
PASS: gdtransformaffineboundingbox/github_bug_00221
PASS: gif/bug00005_2
PASS: gif/bug00181
PASS: gif/bug00227
PASS: gif/gif_null
PASS: gif/bug00005
PASS: gif/bug00006
PASS: gif/bug00060
PASS: gif/bug00066
PASS: gif/gif_im2im
PASS: jpeg/bug_github_18
PASS: jpeg/jpeg_empty_file
PASS: jpeg/jpeg_im2im
PASS: jpeg/jpeg_null
PASS: jpeg/jpeg_read
PASS: jpeg/jpeg_resolution
PASS: png/bug00011
PASS: png/bug00033
PASS: png/bug00086
PASS: png/bug00088
PASS: png/bug00193
PASS: png/png_im2im
PASS: png/png_null
PASS: png/png_resolution
PASS: tga/bug00084
PASS: tga/bug00247
PASS: tga/bug00247a
PASS: tga/bug00248
PASS: tga/bug00248a
PASS: tga/tga_null
PASS: tiff/tiff_dpi
PASS: tiff/tiff_im2im
PASS: tiff/tiff_null
PASS: wbmp/wbmp_null
PASS: wbmp/wbmp_im2im
PASS: webp/bug00111
PASS: xbm/github_bug_170
PASS: xpm/bug00166
PASS: xpm/bug00185
PASS: xpm/color_name
============================================================================
Testsuite summary for GD 2.2.3
============================================================================
# TOTAL: 126
# PASS:  125
# SKIP:  0
# XFAIL: 0
# FAIL:  1
# XPASS: 0
# ERROR: 0
============================================================================
See tests/test-suite.log
Please report to https://github.com/libgd/libgd/issues
============================================================================
Makefile:3274: recipe for target &apos;test-suite.log&apos; failed
make[3]: Leaving directory &apos;/builddir/build/BUILD/libgd-2.2.3/tests&apos;
make[3]: *** [test-suite.log] Error 1
Makefile:3380: recipe for target &apos;check-TESTS&apos; failed
make[2]: Leaving directory &apos;/builddir/build/BUILD/libgd-2.2.3/tests&apos;
Makefile:4328: recipe for target &apos;check-am&apos; failed
make[1]: Leaving directory &apos;/builddir/build/BUILD/libgd-2.2.3/tests&apos;
make[2]: *** [check-TESTS] Error 2
make[1]: *** [check-am] Error 2
...


see http://s390.koji.fedoraproject.org/koji/taskinfo?taskID=2297337 for full logs


Version-Release number of selected component (if applicable):
gd-2.2.3-1.fc25


Additional info:
gd-2.2.2-1.fc25 builds OK.</thetext>
  </long_desc><long_desc isprivate="0" >
    <commentid>9545824</commentid>
    <comment_count>1</comment_count>
    <who name="Dan Horák">dan</who>
    <bug_when>2016-07-25 05:55:38 -0400</bug_when>
    <thetext>And because it fails also on ppc64, I suspect a data endian error.</thetext>
  </long_desc><long_desc isprivate="0" >
    <commentid>9545831</commentid>
    <comment_count>2</comment_count>
    <who name="Dan Horák">dan</who>
    <bug_when>2016-07-25 05:57:33 -0400</bug_when>
    <thetext>tests/gdimagecopyresampled/bug00201.log contains:

gdimagecopyresampled/bug00201.c:68: Total pixels changed: 190 with a maximum channel difference of 255.
FAIL gdimagecopyresampled/bug00201 (exit status: 1)</thetext>
  </long_desc><long_desc isprivate="0" >
    <commentid>9545853</commentid>
    <comment_count>3</comment_count>
    <who name="Remi Collet">fedora</who>
    <bug_when>2016-07-25 06:04:40 -0400</bug_when>
    <thetext>Is version 2.2.3 the 1st version to fail ?</thetext>
  </long_desc><long_desc isprivate="0" >
    <commentid>9545859</commentid>
    <comment_count>4</comment_count>
    <who name="Peter Robinson">pbrobinson</who>
    <bug_when>2016-07-25 06:06:46 -0400</bug_when>
    <thetext>*** Bug 1359561 has been marked as a duplicate of this bug. ***</thetext>
  </long_desc><long_desc isprivate="0" >
    <commentid>9545885</commentid>
    <comment_count>5</comment_count>
    <who name="Remi Collet">fedora</who>
    <bug_when>2016-07-25 06:09:06 -0400</bug_when>
    <thetext>Upstream bug tracker: 
https://github.com/libgd/libgd/issues/278</thetext>
  </long_desc><long_desc isprivate="0" >
    <commentid>9545923</commentid>
    <comment_count>6</comment_count>
    <who name="Dan Horák">dan</who>
    <bug_when>2016-07-25 06:17:43 -0400</bug_when>
    <thetext>(In reply to Remi Collet from comment #3)
&gt; Is version 2.2.3 the 1st version to fail ?

yes, 2.2.2 builds fine, seems this is a new test in 2.2.3</thetext>
  </long_desc><long_desc isprivate="0" >
    <commentid>9545997</commentid>
    <comment_count>7</comment_count>
    <who name="Remi Collet">fedora</who>
    <bug_when>2016-07-25 06:31:52 -0400</bug_when>
    <thetext>As I don&apos;t have access to a builder for now, can you please provide the _out.png and _diff.png ? (should be in the build tree, as the .log)</thetext>
  </long_desc><long_desc isprivate="0" >
    <commentid>9549631</commentid>
    <comment_count>8</comment_count>
    <who name="Jan Kurik">jkurik</who>
    <bug_when>2016-07-26 00:48:49 -0400</bug_when>
    <thetext>This bug appears to have been reported against &apos;rawhide&apos; during the Fedora 25 development cycle.
Changing version to &apos;25&apos;.</thetext>
  </long_desc><long_desc isprivate="0" >
    <commentid>9550505</commentid>
    <comment_count>9</comment_count>
    <who name="Dan Horák">dan</who>
    <bug_when>2016-07-26 02:49:53 -0400</bug_when>
    <thetext>adding -ffp-contract=off to CFLAGS resolves (workarounds?) the problem we see, we have already used this workaround in other pkgs</thetext>
  </long_desc><long_desc isprivate="0" >
    <commentid>9550974</commentid>
    <comment_count>10</comment_count>
    <who name="Fedora Update System">updates</who>
    <bug_when>2016-07-26 04:54:49 -0400</bug_when>
    <thetext>gd-2.2.3-2.fc24 has been submitted as an update to Fedora 24. https://bodhi.fedoraproject.org/updates/FEDORA-2016-fb3b00a12c</thetext>
  </long_desc><long_desc isprivate="0" >
    <commentid>9561724</commentid>
    <comment_count>11</comment_count>
    <who name="Fedora Update System">updates</who>
    <bug_when>2016-07-28 01:59:51 -0400</bug_when>
    <thetext>gd-2.2.3-2.fc24 has been pushed to the Fedora 24 testing repository. If problems still persist, please make note of it in this bug report.
See https://fedoraproject.org/wiki/QA:Updates_Testing for
instructions on how to install test updates.
You can provide feedback for this update here: https://bodhi.fedoraproject.org/updates/FEDORA-2016-fb3b00a12c</thetext>
  </long_desc><long_desc isprivate="0" >
    <commentid>9569060</commentid>
    <comment_count>12</comment_count>
    <who name="Fedora Update System">updates</who>
    <bug_when>2016-07-30 14:23:44 -0400</bug_when>
    <thetext>gd-2.2.3-2.fc24 has been pushed to the Fedora 24 stable repository. If problems still persist, please make note of it in this bug report.</thetext>
  </long_desc>
      
      

    </bug>

</bugzilla>