<?xml version="1.0" encoding="UTF-8" standalone="yes" ?>
<!DOCTYPE bugzilla SYSTEM "https://bugzilla.redhat.com/page.cgi?id=bugzilla.dtd">

<bugzilla version="4.4.12068.1"
          urlbase="https://bugzilla.redhat.com/"
          
          maintainer="bugzilla-error-list@redhat.com"
>

    <bug>
          <bug_id>1401161</bug_id>
          
          <creation_ts>2016-12-02 23:35:00 -0500</creation_ts>
          <short_desc>Updating to latest packages of jenkins prevents jenkins from properly starting</short_desc>
          <delta_ts>2017-03-13 22:21:53 -0400</delta_ts>
          <reporter_accessible>1</reporter_accessible>
          <cclist_accessible>1</cclist_accessible>
          <classification_id>2</classification_id>
          <classification>Fedora</classification>
          <product>Fedora</product>
          <component>jenkins</component>
          <version>25</version>
          <rep_platform>Unspecified</rep_platform>
          <op_sys>Unspecified</op_sys>
          <bug_status>CLOSED</bug_status>
          <resolution>ERRATA</resolution>
          
          
          <bug_file_loc></bug_file_loc>
          <status_whiteboard></status_whiteboard>
          <keywords></keywords>
          <priority>unspecified</priority>
          <bug_severity>unspecified</bug_severity>
          <target_milestone>---</target_milestone>
          
          
          <everconfirmed>1</everconfirmed>
          <reporter name="David Hill">dhill</reporter>
          <assigned_to name="Michal Srb">msrb</assigned_to>
          <cc>carl</cc>
    
    
    <cc>java-sig-commits</cc>
    
    
    <cc>jonathon.padfield</cc>
    
    
    <cc>limburgher</cc>
    
    
    <cc>mizdebsk</cc>
    
    
    <cc>mkubik</cc>
    
    
    <cc>msrb</cc>
    
    
    <cc>teomazars</cc>
    
    
    <cc>tim</cc>
    
    
    <cc>uckelman</cc>
          <qa_contact name="Fedora Extras Quality Assurance">extras-qa</qa_contact>
          
          <cf_fixed_in>jenkins-1.651.3-5.fc25</cf_fixed_in>
          <cf_doc_type>If docs needed, set a value</cf_doc_type>
          <cf_release_notes></cf_release_notes>
          <cf_story_points>---</cf_story_points>
          
          <cf_environment></cf_environment>
          <cf_last_closed>2017-03-13 19:55:36</cf_last_closed>
          <cf_type>Bug</cf_type>
          <cf_regression_status>---</cf_regression_status>
          <cf_mount_type>---</cf_mount_type>
          <cf_documentation_action>---</cf_documentation_action>
          <cf_crm></cf_crm>
          <cf_verified_branch></cf_verified_branch>
          <cf_category>---</cf_category>
          <cf_ovirt_team>---</cf_ovirt_team>
          
          <cf_cloudforms_team>---</cf_cloudforms_team>
          
          
          
          
          <target_release>---</target_release>
          
          <votes>0</votes>

      

      

      

          <comment_sort_order>oldest_to_newest</comment_sort_order>  
          <long_desc isprivate="0" >
    <commentid>9952931</commentid>
    <comment_count>0</comment_count>
    <who name="David Hill">dhill</who>
    <bug_when>2016-12-02 23:35:48 -0500</bug_when>
    <thetext>Description of problem:

Updating to latest packages of jenkins prevents jenkins from properly starting

java.io.FileNotFoundException: /usr/share/jenkins/webroot/WEB-INF/lib/jtidy.jar (Too many levels of symbolic links)

java.io.FileNotFoundException: /usr/share/jenkins/webroot/WEB-INF/lib/mina-core.jar (Too many levels of symbolic links)




java.io.FileNotFoundException: /usr/share/jenkins/webroot/WEB-INF/lib/mina-core.jar (Too many levels of symbolic links)
        at java.io.FileInputStream.open0(Native Method)
        at java.io.FileInputStream.open(FileInputStream.java:195)
        at java.io.FileInputStream.&lt;init&gt;(FileInputStream.java:138)
        at org.eclipse.jetty.util.resource.FileResource.getInputStream(FileResource.java:286)
        at org.eclipse.jetty.webapp.JarScanner.matched(JarScanner.java:151)
        at org.eclipse.jetty.util.PatternMatcher.matchPatterns(PatternMatcher.java:100)
        at org.eclipse.jetty.util.PatternMatcher.match(PatternMatcher.java:82)
        at org.eclipse.jetty.webapp.JarScanner.scan(JarScanner.java:84)
        at org.eclipse.jetty.webapp.MetaInfConfiguration.preConfigure(MetaInfConfiguration.java:84)
        at org.eclipse.jetty.webapp.WebAppContext.preConfigure(WebAppContext.java:457)
        at winstone.HostConfiguration$1.preConfigure(HostConfiguration.java:166)
        at org.eclipse.jetty.webapp.WebAppContext.doStart(WebAppContext.java:493)
        at org.eclipse.jetty.util.component.AbstractLifeCycle.start(AbstractLifeCycle.java:64)
        at org.eclipse.jetty.server.handler.HandlerWrapper.doStart(HandlerWrapper.java:95)
        at org.eclipse.jetty.server.Server.doStart(Server.java:282)
        at org.eclipse.jetty.util.component.AbstractLifeCycle.start(AbstractLifeCycle.java:64)
        at winstone.Launcher.&lt;init&gt;(Launcher.java:152)
        at winstone.Launcher.main(Launcher.java:352)
        at sun.reflect.NativeMethodAccessorImpl.invoke0(Native Method)
        at sun.reflect.NativeMethodAccessorImpl.invoke(NativeMethodAccessorImpl.java:62)
        at sun.reflect.DelegatingMethodAccessorImpl.invoke(DelegatingMethodAccessorImpl.java:43)
        at java.lang.reflect.Method.invoke(Method.java:498)
        at Main._main(Main.java:290)
        at Main.main(Main.java:104)

Dec 02, 2016 11:19:13 PM org.eclipse.jetty.util.log.JavaUtilLog info
INFO: Started SelectChannelConnector@0.0.0.0:8080
Dec 02, 2016 11:19:13 PM winstone.Logger logInternal
INFO: Winstone Servlet Engine v2.0 running: controlPort=disabled
Dec 02, 2016 11:23:06 PM winstone.Logger logInternal
INFO: JVM is terminating. Shutting down Winstone
Dec 02, 2016 11:23:07 PM org.eclipse.jetty.util.log.JavaUtilLog info
INFO: jetty-8.1.17.v20150415
Dec 02, 2016 11:23:07 PM org.eclipse.jetty.util.log.JavaUtilLog warn
WARNING: Failed startup of context w.{,file:/usr/share/jenkins/webroot/},/usr/share/jenkins/webroot
java.io.FileNotFoundException: /usr/share/jenkins/webroot/WEB-INF/lib/mina-core.jar (Too many levels of symbolic links)
        at java.io.FileInputStream.open0(Native Method)
        at java.io.FileInputStream.open(FileInputStream.java:195)
        at java.io.FileInputStream.&lt;init&gt;(FileInputStream.java:138)
        at org.eclipse.jetty.util.resource.FileResource.getInputStream(FileResource.java:286)
        at org.eclipse.jetty.webapp.JarScanner.matched(JarScanner.java:151)
        at org.eclipse.jetty.util.PatternMatcher.matchPatterns(PatternMatcher.java:100)
        at org.eclipse.jetty.util.PatternMatcher.match(PatternMatcher.java:82)
        at org.eclipse.jetty.webapp.JarScanner.scan(JarScanner.java:84)
        at org.eclipse.jetty.webapp.MetaInfConfiguration.preConfigure(MetaInfConfiguration.java:84)
        at org.eclipse.jetty.webapp.WebAppContext.preConfigure(WebAppContext.java:457)
        at winstone.HostConfiguration$1.preConfigure(HostConfiguration.java:166)
        at org.eclipse.jetty.webapp.WebAppContext.doStart(WebAppContext.java:493)
        at org.eclipse.jetty.util.component.AbstractLifeCycle.start(AbstractLifeCycle.java:64)
        at org.eclipse.jetty.server.handler.HandlerWrapper.doStart(HandlerWrapper.java:95)
        at org.eclipse.jetty.server.Server.doStart(Server.java:282)
        at org.eclipse.jetty.util.component.AbstractLifeCycle.start(AbstractLifeCycle.java:64)
        at winstone.Launcher.&lt;init&gt;(Launcher.java:152)
        at winstone.Launcher.main(Launcher.java:352)
        at sun.reflect.NativeMethodAccessorImpl.invoke0(Native Method)
        at sun.reflect.NativeMethodAccessorImpl.invoke(NativeMethodAccessorImpl.java:62)
        at sun.reflect.DelegatingMethodAccessorImpl.invoke(DelegatingMethodAccessorImpl.java:43)
        at java.lang.reflect.Method.invoke(Method.java:498)
        at Main._main(Main.java:290)
        at Main.main(Main.java:104)

Version-Release number of selected component (if applicable):
Dec 02 22:52:35 DEBUG ---&gt; Package jenkins.noarch 1.651.3-1.fc25 will be upgraded
Dec 02 22:52:35 DEBUG ---&gt; Package jenkins.noarch 1.651.3-2.fc25 will be an upgrade
Dec 02 22:52:35 DEBUG ---&gt; Package jenkins-webapp.noarch 1.651.3-1.fc25 will be upgraded
Dec 02 22:52:35 DEBUG ---&gt; Package jenkins-webapp.noarch 1.651.3-2.fc25 will be an upgrade
Dec 02 22:52:35 DEBUG ---&gt; Package jenkins-cli.noarch 1.651.3-1.fc25 will be upgraded
Dec 02 22:52:35 DEBUG ---&gt; Package jenkins-cli.noarch 1.651.3-2.fc25 will be an upgrade
Dec 02 22:52:35 DEBUG ---&gt; Package jenkins-core.noarch 1.651.3-1.fc25 will be upgraded
Dec 02 22:52:35 DEBUG ---&gt; Package jenkins-core.noarch 1.651.3-2.fc25 will be an upgrade
Dec 02 22:52:35 DEBUG ---&gt; Package jenkins-remoting.noarch 2.59-1.fc25 will be upgraded
Dec 02 22:52:35 DEBUG ---&gt; Package jenkins-remoting.noarch 2.62.3-1.fc25 will be an upgrade
Dec 02 22:52:35 DEBUG ---&gt; Package jenkins-remoting-webapp.noarch 2.59-1.fc25 will be upgraded
Dec 02 22:52:35 DEBUG ---&gt; Package jenkins-remoting-webapp.noarch 2.62.3-1.fc25 will be an upgrade


How reproducible:
This time

Steps to Reproduce:
1. Update from 2.62.3-1 to 2.62.3-2
2.
3.

Actual results:
Fails to properly start

Expected results:
Start properly

Additional info:
I deleted the symlinks and restarted the service which started but idk in which state is now my jenkins instance.</thetext>
  </long_desc><long_desc isprivate="0" >
    <commentid>10031518</commentid>
    <comment_count>1</comment_count>
    <who name="Gwyn Ciesla">limburgher</who>
    <bug_when>2017-01-03 14:38:42 -0500</bug_when>
    <thetext>*** Bug 1401714 has been marked as a duplicate of this bug. ***</thetext>
  </long_desc><long_desc isprivate="0" >
    <commentid>10034775</commentid>
    <comment_count>2</comment_count>
    <who name="Gwyn Ciesla">limburgher</who>
    <bug_when>2017-01-04 11:22:39 -0500</bug_when>
    <thetext>I submitted a build commenting these symlinks out, and it builds and runs on f25, but not rawhide or f24.  It needs a package still in testing, jenkins-remoting.</thetext>
  </long_desc><long_desc isprivate="0" >
    <commentid>10043841</commentid>
    <comment_count>3</comment_count>
    <who name="Carl Bennett">carl</who>
    <bug_when>2017-01-08 21:01:49 -0500</bug_when>
    <thetext>I&apos;m having this error as well.

jenkins-1.651.3-2.fc25.noarch</thetext>
  </long_desc><long_desc isprivate="0" >
    <commentid>10063575</commentid>
    <comment_count>4</comment_count>
    <who name="Tim Way">tim</who>
    <bug_when>2017-01-14 12:26:55 -0500</bug_when>
    <thetext>I hit this error as well. In the SPEC for the RPM it runs a command to create the symlinks. For some reason these aren&apos;t created correctly during install but the command the SPEC uses runs w/sudo after the install w/the same result of a working install.

cd /usr/share/jenkins/webroot/WEB-INF/lib
ls -lah | grep -e &apos;jtidy\|mina-core&apos;
sudo ln -sf `build-classpath jtidy` jtidy.jar
sudo ln -sf `build-classpath apache-mina/mina-core` mina-core.jar
ls -lah | grep -e &apos;jtidy\|mina-core&apos;

sudo systemctl start jenkins.service

Jon, I&apos;m not sure if commenting out the link creating for jtidy or mina-core is a good solution or just enough to get a web interface running. That said I&apos;m also not sure why the link creating is failing w/the current RPM since the commands run and the required packages are installed. The required packages would be jtidy.noarch and apache-mina-mina-core.noarch.</thetext>
  </long_desc><long_desc isprivate="0" >
    <commentid>10072358</commentid>
    <comment_count>5</comment_count>
    <who name="Gwyn Ciesla">limburgher</who>
    <bug_when>2017-01-17 10:59:23 -0500</bug_when>
    <thetext>I&apos;m not sure either.  All I can say is that since I got it set up it&apos;s been working fine for me.  That it builds only on f25 and not f24 or rawhide is problematic, and I&apos;ve not made headway on that.  I&apos;m not sure if pushing an update with my build is a good idea or not.</thetext>
  </long_desc><long_desc isprivate="0" >
    <commentid>10072814</commentid>
    <comment_count>6</comment_count>
    <who name="Tim Way">tim</who>
    <bug_when>2017-01-17 12:44:39 -0500</bug_when>
    <thetext>If I have some time maybe I will compare the SPEC from the Jenkins project upstream to see what they may be doing differently. I may also see if it&apos;s worth packing up an updated version.</thetext>
  </long_desc><long_desc isprivate="0" >
    <commentid>10072821</commentid>
    <comment_count>7</comment_count>
    <who name="Gwyn Ciesla">limburgher</who>
    <bug_when>2017-01-17 12:48:03 -0500</bug_when>
    <thetext>Possibly, but that means Jenkins 2.x.</thetext>
  </long_desc><long_desc isprivate="0" >
    <commentid>10073219</commentid>
    <comment_count>8</comment_count>
    <who name="Carl Bennett">carl</who>
    <bug_when>2017-01-17 14:13:33 -0500</bug_when>
    <thetext>Please keep us informed on what you find out!</thetext>
  </long_desc><long_desc isprivate="0" >
    <commentid>10187310</commentid>
    <comment_count>9</comment_count>
    <who name="Milan KubÃ­k">mkubik</who>
    <bug_when>2017-02-27 11:01:00 -0500</bug_when>
    <thetext>Hi, what is the status on this bug?</thetext>
  </long_desc><long_desc isprivate="0" >
    <commentid>10187599</commentid>
    <comment_count>10</comment_count>
    <who name="Tim Way">tim</who>
    <bug_when>2017-02-27 12:25:20 -0500</bug_when>
    <thetext>Milan,

For some reason the link creation for one of the .jar files doesn&apos;t get created even though the target file is present. From what I can tell the command executes when the package is installed but for some reason the link isn&apos;t created. If I run the same command from the SPEC file manually it works as expected. I&apos;m not sure if there is something environmentally that isn&apos;t working. I don&apos;t image we want to change the dynamic link creation (using classpath) to hard coded ln commands as that may cause the RPM and SPEC to be less portable.

Thoughts?

Tim</thetext>
  </long_desc><long_desc isprivate="0" >
    <commentid>10208535</commentid>
    <comment_count>11</comment_count>
    <who name="Fedora Update System">updates</who>
    <bug_when>2017-03-04 16:47:27 -0500</bug_when>
    <thetext>jenkins-1.651.3-5.fc25 has been submitted as an update to Fedora 25. https://bodhi.fedoraproject.org/updates/FEDORA-2017-c4725ad473</thetext>
  </long_desc><long_desc isprivate="0" >
    <commentid>10208537</commentid>
    <comment_count>12</comment_count>
    <who name="Fedora Update System">updates</who>
    <bug_when>2017-03-04 16:51:14 -0500</bug_when>
    <thetext>jenkins-1.651.3-5.fc24 has been submitted as an update to Fedora 24. https://bodhi.fedoraproject.org/updates/FEDORA-2017-2303ed6489</thetext>
  </long_desc><long_desc isprivate="0" >
    <commentid>10209316</commentid>
    <comment_count>13</comment_count>
    <who name="Fedora Update System">updates</who>
    <bug_when>2017-03-05 16:50:06 -0500</bug_when>
    <thetext>jenkins-1.651.3-5.fc25 has been pushed to the Fedora 25 testing repository. If problems still persist, please make note of it in this bug report.
See https://fedoraproject.org/wiki/QA:Updates_Testing for
instructions on how to install test updates.
You can provide feedback for this update here: https://bodhi.fedoraproject.org/updates/FEDORA-2017-c4725ad473</thetext>
  </long_desc><long_desc isprivate="0" >
    <commentid>10209317</commentid>
    <comment_count>14</comment_count>
    <who name="Fedora Update System">updates</who>
    <bug_when>2017-03-05 16:50:12 -0500</bug_when>
    <thetext>jenkins-1.651.3-5.fc24 has been pushed to the Fedora 24 testing repository. If problems still persist, please make note of it in this bug report.
See https://fedoraproject.org/wiki/QA:Updates_Testing for
instructions on how to install test updates.
You can provide feedback for this update here: https://bodhi.fedoraproject.org/updates/FEDORA-2017-2303ed6489</thetext>
  </long_desc><long_desc isprivate="0" >
    <commentid>10235185</commentid>
    <comment_count>15</comment_count>
    <who name="Fedora Update System">updates</who>
    <bug_when>2017-03-13 19:55:36 -0400</bug_when>
    <thetext>jenkins-1.651.3-5.fc25 has been pushed to the Fedora 25 stable repository. If problems still persist, please make note of it in this bug report.</thetext>
  </long_desc><long_desc isprivate="0" >
    <commentid>10235636</commentid>
    <comment_count>16</comment_count>
    <who name="Fedora Update System">updates</who>
    <bug_when>2017-03-13 22:21:53 -0400</bug_when>
    <thetext>jenkins-1.651.3-5.fc25 has been pushed to the Fedora 25 stable repository. If problems still persist, please make note of it in this bug report.</thetext>
  </long_desc>
      
      

    </bug>

</bugzilla>