<?xml version="1.0" encoding="UTF-8" standalone="yes" ?>
<!DOCTYPE bugzilla SYSTEM "https://bugzilla.redhat.com/page.cgi?id=bugzilla.dtd">

<bugzilla version="4.4.12068.1"
          urlbase="https://bugzilla.redhat.com/"
          
          maintainer="bugzilla-error-list@redhat.com"
>

    <bug>
          <bug_id>1365851</bug_id>
          
          <creation_ts>2016-08-10 06:59:00 -0400</creation_ts>
          <short_desc>python-matplotlib is failing in tests on aarch64</short_desc>
          <delta_ts>2017-04-16 10:38:20 -0400</delta_ts>
          <reporter_accessible>1</reporter_accessible>
          <cclist_accessible>1</cclist_accessible>
          <classification_id>2</classification_id>
          <classification>Fedora</classification>
          <product>Fedora</product>
          <component>python-matplotlib</component>
          <version>26</version>
          <rep_platform>Unspecified</rep_platform>
          <op_sys>Unspecified</op_sys>
          <bug_status>CLOSED</bug_status>
          <resolution>ERRATA</resolution>
          
          
          <bug_file_loc>https://github.com/matplotlib/matplotlib/issues/7158</bug_file_loc>
          <status_whiteboard></status_whiteboard>
          <keywords></keywords>
          <priority>unspecified</priority>
          <bug_severity>unspecified</bug_severity>
          <target_milestone>---</target_milestone>
          
          <blocked>245418</blocked>
    
    
    <blocked>1071880</blocked>
          <everconfirmed>1</everconfirmed>
          <reporter name="Peter Robinson">pbrobinson</reporter>
          <assigned_to name="Dominik &apos;Rathann&apos; Mierzejewski">dominik</assigned_to>
          <cc>cstratak</cc>
    
    
    <cc>dominik</cc>
    
    
    <cc>jkastner</cc>
    
    
    <cc>jonathan.underwood</cc>
    
    
    <cc>jspaleta</cc>
    
    
    <cc>limburgher</cc>
    
    
    <cc>orion</cc>
    
    
    <cc>paulo.cesar.pereira.de.andrade</cc>
    
    
    <cc>python-sig</cc>
    
    
    <cc>than</cc>
    
    
    <cc>tomspur</cc>
    
    
    <cc>yselkowi</cc>
          <qa_contact name="Fedora Extras Quality Assurance">extras-qa</qa_contact>
          
          <cf_fixed_in>python-matplotlib-2.0.0-2.fc26.2</cf_fixed_in>
          <cf_doc_type>If docs needed, set a value</cf_doc_type>
          <cf_release_notes></cf_release_notes>
          <cf_story_points>---</cf_story_points>
          
          <cf_environment></cf_environment>
          <cf_last_closed>2017-04-16 10:38:20</cf_last_closed>
          <cf_type>Bug</cf_type>
          <cf_regression_status>---</cf_regression_status>
          <cf_mount_type>---</cf_mount_type>
          <cf_documentation_action>---</cf_documentation_action>
          <cf_crm></cf_crm>
          <cf_verified_branch></cf_verified_branch>
          <cf_category>---</cf_category>
          <cf_ovirt_team>---</cf_ovirt_team>
          
          <cf_cloudforms_team>---</cf_cloudforms_team>
          
          
          
          
          <target_release>---</target_release>
          
          <votes>0</votes>

      

      

      

          <comment_sort_order>oldest_to_newest</comment_sort_order>  
          <long_desc isprivate="0" >
    <commentid>9602072</commentid>
    <comment_count>0</comment_count>
    <who name="Peter Robinson">pbrobinson</who>
    <bug_when>2016-08-10 06:59:35 -0400</bug_when>
    <thetext>python-matplotlib-1.5.2-0.2.rc2.fc25

http://arm.koji.fedoraproject.org/koji/taskinfo?taskID=3665004

It could possibly be due to an assumption about page size (64K vs 4K page sizes). Fedora and RHEL support 64K on aarch64, other distros support 4K


Executing(%check): /bin/sh -e /var/tmp/rpm-tmp.5PdpC5
+ umask 022
+ cd /builddir/build/BUILD
+ cd matplotlib-1.5.2rc2
+ echo &apos;backend      : TkAgg&apos;
++ getconf _NPROCESSORS_ONLN
+ MPLCONFIGDIR=/builddir/build/BUILD/matplotlib-1.5.2rc2
+ MATPLOTLIBDATA=/builddir/build/BUILDROOT/python-matplotlib-1.5.2-0.2.rc2.fc25.aarch64/usr/share/matplotlib/mpl-data
+ PYTHONPATH=/builddir/build/BUILDROOT/python-matplotlib-1.5.2-0.2.rc2.fc25.aarch64/usr/lib64/python2.7/site-packages
+ xvfb-run -a /usr/bin/python2 tests.py --no-network --processes=8 --process-timeout=300
........KKKKKKKK....K..K...K.......K..K...K....K..........K....K..K......K..............K....K...K....K..K..K..K..K..K........K..K..K..K..K..K..K..K..K..K..K..K..K...K......K..K..K..K..K..K..K..K...........K..K.....K..K..K..K..K..K.....K...K..K....K.......K......K..K..K..K..K..K..K..K......K..K...K..K...K..K..K...K..K..K....K......K..K...K...K...K....K..K..K...K.......................................SSS..........................SSSSS.S......./builddir/build/BUILDROOT/python-matplotlib-1.5.2-0.2.rc2.fc25.aarch64/usr/lib64/python2.7/site-packages/matplotlib/font_manager.py:1288: UserWarning: findfont: Font family [u&apos;sans-serif&apos;] not found. Falling back to Helvetica
  (prop.get_family(), self.defaultFamily[fontext]))
/builddir/build/BUILDROOT/python-matplotlib-1.5.2-0.2.rc2.fc25.aarch64/usr/lib64/python2.7/site-packages/matplotlib/font_manager.py:1298: UserWarning: findfont: Could not match :family=Helvetica:style=normal:variant=normal:weight=400:stretch=normal:size=medium. Returning /builddir/build/BUILD/matplotlib-1.5.2rc2/lib/matplotlib/mpl-data/fonts/afm/pcrbo8a.afm
  UserWarning)
..../builddir/build/BUILDROOT/python-matplotlib-1.5.2-0.2.rc2.fc25.aarch64/usr/lib64/python2.7/site-packages/matplotlib/font_manager.py:1298: UserWarning: findfont: Could not match :family=Helvetica:style=normal:variant=normal:weight=400:stretch=normal:size=large. Returning /builddir/build/BUILD/matplotlib-1.5.2rc2/lib/matplotlib/mpl-data/fonts/afm/pcrbo8a.afm
  UserWarning)
...........K.KKKKKKKKKKK..KKKK.K...K...K.............................................SS...K..K...K...K..K..K..K..K..K..K..K..K...K..K...K.........K..S....K../builddir/build/BUILDROOT/python-matplotlib-1.5.2-0.2.rc2.fc25.aarch64/usr/lib64/python2.7/site-packages/matplotlib/collections.py:360: UserWarning: Collection picker None could not be converted to float
  % self._picker)
......................S.........K................./builddir/build/BUILDROOT/python-matplotlib-1.5.2-0.2.rc2.fc25.aarch64/usr/lib64/python2.7/site-packages/matplotlib/colorbar.py:539: VisibleDeprecationWarning: boolean index did not match indexed array along dimension 0; dimension is 5 but corresponding boolean dimension is 4
  colors = np.asarray(colors)[igood]
................../builddir/build/BUILDROOT/python-matplotlib-1.5.2-0.2.rc2.fc25.aarch64/usr/lib64/python2.7/site-packages/matplotlib/colorbar.py:539: VisibleDeprecationWarning: boolean index did not match indexed array along dimension 0; dimension is 5 but corresponding boolean dimension is 3
  colors = np.asarray(colors)[igood]
.......................................K................................K..K....K..K..K..K.K..K...K..K.K...K.F............................../usr/lib64/python2.7/xml/etree/ElementTree.py:1638: DeprecationWarning: This method of XMLParser is deprecated.  Define doctype() method on the TreeBuilder target.
  DeprecationWarning,
...K...K..K....K...K...K......K....K..K......K......K.............................................................................................................................................................................K..K..K..K..K..K..K..K..K..K..K..K..K..K..K..K..K..K..K..K..K..K..K..K..K..K..K..K..K..K..K..K..K..K..K..K..K..K..K..K..K..K..K..K..K..K..K..K..K..K..K..K..K..K..K..K..K..K..K..K..K..K..K..K..K..K..K..K..K..K..K..K..K..K..K..K..K..K..K..K..K..K..K..K..K..K..K..K..K..K..K..K..K..K..K..K..K..K..K..K..K..K..K..K..K..K..K..K..K..K..K..K..K..K..K..K..K..K..K..K..K..K..K..K..K..K..K..K..K..K..K..K..K..K..K..K..K..K..K..K..K..K..K..K..K..K..K..K..K..K..K..K..K..K..K..K..K..K..K..K..K..K..K..K..K..K..K..K..K..K..K..K..K..K..K..K..K..K..K..K..K..K..K..K..K..K..K..K..K..K..K..K..K..K..K..K..K..K..K..K..K..K..K..K..K..K..K..K..K..K..K..K..K..K..K..K..K..K..K..K..K..K..K..K..K..K..K..K..K..K..K..K..K..K....K..K............K..................K..K...............................................................................K......F..........................................F..........................................F..........................................F..........................................F..........................................F..........................................F..........................................F...........................................................................................................................................................................F.....................................................................................F..........................................F..........................................F..................................................................................................................................................................................................................................................................................................................................................................................................................................................................................................................................................................................................................................................................................................................................................................................................................................................................................................................................................................................................................................................................................................................................................................................................................................................................................................................................................................................................................................................................................................................................................................................................................................................................................................................................................................................................................................................................................................................................................................................................................................K..................................................................................................................................................................................................................................................................................................K..K..K..K........K..K...K.....K...K.....K.K...K.........
Bad key &quot;���t���i���m���e���z���o���n���e���&quot; on line 1 in
/builddir/build/BUILDROOT/python-matplotlib-1.5.2-0.2.rc2.fc25.aarch64/usr/lib64/python2.7/site-packages/matplotlib/tests/test_utf32_be_rcparams.rc.
You probably need to get an updated matplotlibrc file from
http://github.com/matplotlib/matplotlib/blob/master/matplotlibrc.template
or from the matplotlib source distribution
........................................................................................K.......K.....K..K..K..K..K..K...K....K...K/builddir/build/BUILDROOT/python-matplotlib-1.5.2-0.2.rc2.fc25.aarch64/usr/lib64/python2.7/site-packages/matplotlib/tests/test_streamplot.py:44: MaskedArrayFutureWarning: setting an item on a masked array which has a shared mask will not copy the mask and also change the original mask array in the future.
Check the NumPy 1.11 release notes for more information.
  U[:20, :20] = np.nan
.............K...K..K.....K...K.....K..K.....K......K...........K............K...K..K..K..K..K.......K..K...K.................................................K...K..K........../builddir/build/BUILDROOT/python-matplotlib-1.5.2-0.2.rc2.fc25.aarch64/usr/lib64/python2.7/site-packages/matplotlib/cbook.py:137: MatplotlibDeprecationWarning: The set_color_cycle attribute was deprecated in version 1.5. Use set_prop_cycle instead.
  warnings.warn(message, mplDeprecation, stacklevel=1)
......S...../builddir/build/BUILDROOT/python-matplotlib-1.5.2-0.2.rc2.fc25.aarch64/usr/lib64/python2.7/site-packages/matplotlib/tests/test_labeled_data_unpacking.py:406: RuntimeWarning: Second argument is ambiguous: could be a color spec but is in data. Using as data.
Either rename the entry in data or use three arguments to plot.
  assert_equal(funcy(None, &quot;x&quot;, &quot;y1&quot;, data=data),
...........K..K..K..K..K..K....K...K..K..K...K....K..K...K...K...
======================================================================
FAIL: matplotlib.tests.test_image.test_cursor_data
----------------------------------------------------------------------
Traceback (most recent call last):
  File &quot;/usr/lib/python2.7/site-packages/nose/case.py&quot;, line 197, in runTest
    self.test(*self.arg)
  File &quot;/builddir/build/BUILDROOT/python-matplotlib-1.5.2-0.2.rc2.fc25.aarch64/usr/lib64/python2.7/site-packages/matplotlib/testing/decorators.py&quot;, line 118, in wrapped_function
    func(*args, **kwargs)
  File &quot;/builddir/build/BUILDROOT/python-matplotlib-1.5.2-0.2.rc2.fc25.aarch64/usr/lib64/python2.7/site-packages/matplotlib/tests/test_image.py&quot;, line 192, in test_cursor_data
    assert z is None, &quot;Did not get None, got %d&quot; % z
AssertionError: Did not get None, got 0
======================================================================
FAIL: test_psd_csd_equal (matplotlib.tests.test_mlab.spectral_testcase_Fs4_complex_defaultsided)
----------------------------------------------------------------------
Traceback (most recent call last):
  File &quot;/builddir/build/BUILDROOT/python-matplotlib-1.5.2-0.2.rc2.fc25.aarch64/usr/lib64/python2.7/site-packages/matplotlib/tests/test_mlab.py&quot;, line 2096, in test_psd_csd_equal
    assert_array_equal(Pxx, Pxy)
  File &quot;/usr/lib64/python2.7/site-packages/numpy/testing/utils.py&quot;, line 811, in assert_array_equal
    verbose=verbose, header=&apos;Arrays are not equal&apos;)
  File &quot;/usr/lib64/python2.7/site-packages/numpy/testing/utils.py&quot;, line 737, in assert_array_compare
    raise AssertionError(msg)
AssertionError: 
Arrays are not equal
(mismatch 98.4375%)
 x: array([  6.851587e-11,   5.656909e-11,   6.650227e-11,   1.223443e-10,
         1.294211e-10,   4.895139e-11,   4.816325e-11,   2.429269e-10,
         3.889598e-10,   2.063253e-10,   1.297648e-11,   4.368301e-10,...
 y: array([  6.851587e-11 +0.000000e+00j,   5.656909e-11 -7.521779e-30j,
         6.650227e-11 +3.815069e-29j,   1.223443e-10 +8.121089e-30j,
         1.294211e-10 -5.664577e-29j,   4.895139e-11 +1.171260e-28j,...
======================================================================
FAIL: test_psd_csd_equal (matplotlib.tests.test_mlab.spectral_testcase_Fs4_complex_onesided)
----------------------------------------------------------------------
Traceback (most recent call last):
  File &quot;/builddir/build/BUILDROOT/python-matplotlib-1.5.2-0.2.rc2.fc25.aarch64/usr/lib64/python2.7/site-packages/matplotlib/tests/test_mlab.py&quot;, line 2096, in test_psd_csd_equal
    assert_array_equal(Pxx, Pxy)
  File &quot;/usr/lib64/python2.7/site-packages/numpy/testing/utils.py&quot;, line 811, in assert_array_equal
    verbose=verbose, header=&apos;Arrays are not equal&apos;)
  File &quot;/usr/lib64/python2.7/site-packages/numpy/testing/utils.py&quot;, line 737, in assert_array_compare
    raise AssertionError(msg)
AssertionError: 
Arrays are not equal
(mismatch 96.9230769231%)
 x: array([  6.851587e-11,   1.131382e-10,   1.330045e-10,   2.446886e-10,
         2.588422e-10,   9.790277e-11,   9.632650e-11,   4.858538e-10,
         7.779196e-10,   4.126505e-10,   2.595295e-11,   8.736602e-10,...
 y: array([  6.851587e-11 +0.000000e+00j,   1.131382e-10 +5.414530e-31j,
         1.330045e-10 -2.252263e-28j,   2.446886e-10 -1.512307e-28j,
         2.588422e-10 -5.607124e-29j,   9.790277e-11 -2.958476e-28j,...
======================================================================
FAIL: test_psd_csd_equal (matplotlib.tests.test_mlab.spectral_testcase_Fs4_real_defaultsided)
----------------------------------------------------------------------
Traceback (most recent call last):
  File &quot;/builddir/build/BUILDROOT/python-matplotlib-1.5.2-0.2.rc2.fc25.aarch64/usr/lib64/python2.7/site-packages/matplotlib/tests/test_mlab.py&quot;, line 2096, in test_psd_csd_equal
    assert_array_equal(Pxx, Pxy)
  File &quot;/usr/lib64/python2.7/site-packages/numpy/testing/utils.py&quot;, line 811, in assert_array_equal
    verbose=verbose, header=&apos;Arrays are not equal&apos;)
  File &quot;/usr/lib64/python2.7/site-packages/numpy/testing/utils.py&quot;, line 737, in assert_array_compare
    raise AssertionError(msg)
AssertionError: 
Arrays are not equal
(mismatch 96.9230769231%)
 x: array([  6.851587e-11,   1.131382e-10,   1.330045e-10,   2.446886e-10,
         2.588422e-10,   9.790277e-11,   9.632650e-11,   4.858538e-10,
         7.779196e-10,   4.126505e-10,   2.595295e-11,   8.736602e-10,...
 y: array([  6.851587e-11 +0.000000e+00j,   1.131382e-10 +5.414530e-31j,
         1.330045e-10 -2.252263e-28j,   2.446886e-10 -1.512307e-28j,
         2.588422e-10 -5.607124e-29j,   9.790277e-11 -2.958476e-28j,...
======================================================================
FAIL: test_psd_csd_equal (matplotlib.tests.test_mlab.spectral_testcase_Fs4_real_onesided)
----------------------------------------------------------------------
Traceback (most recent call last):
  File &quot;/builddir/build/BUILDROOT/python-matplotlib-1.5.2-0.2.rc2.fc25.aarch64/usr/lib64/python2.7/site-packages/matplotlib/tests/test_mlab.py&quot;, line 2096, in test_psd_csd_equal
    assert_array_equal(Pxx, Pxy)
  File &quot;/usr/lib64/python2.7/site-packages/numpy/testing/utils.py&quot;, line 811, in assert_array_equal
    verbose=verbose, header=&apos;Arrays are not equal&apos;)
  File &quot;/usr/lib64/python2.7/site-packages/numpy/testing/utils.py&quot;, line 737, in assert_array_compare
    raise AssertionError(msg)
AssertionError: 
Arrays are not equal
(mismatch 96.9230769231%)
 x: array([  6.851587e-11,   1.131382e-10,   1.330045e-10,   2.446886e-10,
         2.588422e-10,   9.790277e-11,   9.632650e-11,   4.858538e-10,
         7.779196e-10,   4.126505e-10,   2.595295e-11,   8.736602e-10,...
 y: array([  6.851587e-11 +0.000000e+00j,   1.131382e-10 +5.414530e-31j,
         1.330045e-10 -2.252263e-28j,   2.446886e-10 -1.512307e-28j,
         2.588422e-10 -5.607124e-29j,   9.790277e-11 -2.958476e-28j,...
======================================================================
FAIL: test_psd_csd_equal (matplotlib.tests.test_mlab.spectral_testcase_Fs4_complex_twosided)
----------------------------------------------------------------------
Traceback (most recent call last):
  File &quot;/builddir/build/BUILDROOT/python-matplotlib-1.5.2-0.2.rc2.fc25.aarch64/usr/lib64/python2.7/site-packages/matplotlib/tests/test_mlab.py&quot;, line 2096, in test_psd_csd_equal
    assert_array_equal(Pxx, Pxy)
  File &quot;/usr/lib64/python2.7/site-packages/numpy/testing/utils.py&quot;, line 811, in assert_array_equal
    verbose=verbose, header=&apos;Arrays are not equal&apos;)
  File &quot;/usr/lib64/python2.7/site-packages/numpy/testing/utils.py&quot;, line 737, in assert_array_compare
    raise AssertionError(msg)
AssertionError: 
Arrays are not equal
(mismatch 98.4375%)
 x: array([  6.851587e-11,   5.656909e-11,   6.650227e-11,   1.223443e-10,
         1.294211e-10,   4.895139e-11,   4.816325e-11,   2.429269e-10,
         3.889598e-10,   2.063253e-10,   1.297648e-11,   4.368301e-10,...
 y: array([  6.851587e-11 +0.000000e+00j,   5.656909e-11 -7.521779e-30j,
         6.650227e-11 +3.815069e-29j,   1.223443e-10 +8.121089e-30j,
         1.294211e-10 -5.664577e-29j,   4.895139e-11 +1.171260e-28j,...
======================================================================
FAIL: test_psd_csd_equal (matplotlib.tests.test_mlab.spectral_testcase_FsAll_complex_onesided)
----------------------------------------------------------------------
Traceback (most recent call last):
  File &quot;/builddir/build/BUILDROOT/python-matplotlib-1.5.2-0.2.rc2.fc25.aarch64/usr/lib64/python2.7/site-packages/matplotlib/tests/test_mlab.py&quot;, line 2096, in test_psd_csd_equal
    assert_array_equal(Pxx, Pxy)
  File &quot;/usr/lib64/python2.7/site-packages/numpy/testing/utils.py&quot;, line 811, in assert_array_equal
    verbose=verbose, header=&apos;Arrays are not equal&apos;)
  File &quot;/usr/lib64/python2.7/site-packages/numpy/testing/utils.py&quot;, line 737, in assert_array_compare
    raise AssertionError(msg)
AssertionError: 
Arrays are not equal
(mismatch 96.9230769231%)
 x: array([  7.203696e-06,   4.624615e-04,   1.539987e-03,   2.218494e-03,
         1.157601e-03,   1.667240e-04,   1.000658e-02,   4.707813e-02,
         9.254057e-02,   2.373157e-02,   1.300382e+00,   1.744418e+02,...
 y: array([  7.203696e-06 +0.000000e+00j,   4.624615e-04 -1.080357e-21j,
         1.539987e-03 +7.529828e-21j,   2.218494e-03 +2.647608e-21j,
         1.157601e-03 +3.916541e-21j,   1.667240e-04 +4.591193e-22j,...
======================================================================
FAIL: test_psd_csd_equal (matplotlib.tests.test_mlab.spectral_testcase_FsAll_complex_defaultsided)
----------------------------------------------------------------------
Traceback (most recent call last):
  File &quot;/builddir/build/BUILDROOT/python-matplotlib-1.5.2-0.2.rc2.fc25.aarch64/usr/lib64/python2.7/site-packages/matplotlib/tests/test_mlab.py&quot;, line 2096, in test_psd_csd_equal
    assert_array_equal(Pxx, Pxy)
  File &quot;/usr/lib64/python2.7/site-packages/numpy/testing/utils.py&quot;, line 811, in assert_array_equal
    verbose=verbose, header=&apos;Arrays are not equal&apos;)
  File &quot;/usr/lib64/python2.7/site-packages/numpy/testing/utils.py&quot;, line 737, in assert_array_compare
    raise AssertionError(msg)
AssertionError: 
Arrays are not equal
(mismatch 98.4375%)
 x: array([  1.084763e-07,   5.947154e-08,   3.894422e-09,   5.098036e-08,
         1.243062e-07,   9.022498e-08,   8.124808e-09,   4.643260e-08,
         1.732248e-07,   1.748687e-07,   3.730256e-08,   3.213152e-08,...
 y: array([  1.084763e-07 +0.000000e+00j,   5.947154e-08 -2.846132e-25j,
         3.894422e-09 -3.678538e-27j,   5.098036e-08 -2.565235e-25j,
         1.243062e-07 -7.234946e-26j,   9.022498e-08 -1.238325e-25j,...
======================================================================
FAIL: test_psd_csd_equal (matplotlib.tests.test_mlab.spectral_testcase_Fs4_real_twosided)
----------------------------------------------------------------------
Traceback (most recent call last):
  File &quot;/builddir/build/BUILDROOT/python-matplotlib-1.5.2-0.2.rc2.fc25.aarch64/usr/lib64/python2.7/site-packages/matplotlib/tests/test_mlab.py&quot;, line 2096, in test_psd_csd_equal
    assert_array_equal(Pxx, Pxy)
  File &quot;/usr/lib64/python2.7/site-packages/numpy/testing/utils.py&quot;, line 811, in assert_array_equal
    verbose=verbose, header=&apos;Arrays are not equal&apos;)
  File &quot;/usr/lib64/python2.7/site-packages/numpy/testing/utils.py&quot;, line 737, in assert_array_compare
    raise AssertionError(msg)
AssertionError: 
Arrays are not equal
(mismatch 98.4375%)
 x: array([  6.851587e-11,   5.656909e-11,   6.650227e-11,   1.223443e-10,
         1.294211e-10,   4.895139e-11,   4.816325e-11,   2.429269e-10,
         3.889598e-10,   2.063253e-10,   1.297648e-11,   4.368301e-10,...
 y: array([  6.851587e-11 +0.000000e+00j,   5.656909e-11 -7.521779e-30j,
         6.650227e-11 +3.815069e-29j,   1.223443e-10 +8.121089e-30j,
         1.294211e-10 -5.664577e-29j,   4.895139e-11 +1.171260e-28j,...
======================================================================
FAIL: test_psd_csd_equal (matplotlib.tests.test_mlab.spectral_testcase_FsAll_complex_twosided)
----------------------------------------------------------------------
Traceback (most recent call last):
  File &quot;/builddir/build/BUILDROOT/python-matplotlib-1.5.2-0.2.rc2.fc25.aarch64/usr/lib64/python2.7/site-packages/matplotlib/tests/test_mlab.py&quot;, line 2096, in test_psd_csd_equal
    assert_array_equal(Pxx, Pxy)
  File &quot;/usr/lib64/python2.7/site-packages/numpy/testing/utils.py&quot;, line 811, in assert_array_equal
    verbose=verbose, header=&apos;Arrays are not equal&apos;)
  File &quot;/usr/lib64/python2.7/site-packages/numpy/testing/utils.py&quot;, line 737, in assert_array_compare
    raise AssertionError(msg)
AssertionError: 
Arrays are not equal
(mismatch 98.4375%)
 x: array([  1.084763e-07,   5.947154e-08,   3.894422e-09,   5.098036e-08,
         1.243062e-07,   9.022498e-08,   8.124808e-09,   4.643260e-08,
         1.732248e-07,   1.748687e-07,   3.730256e-08,   3.213152e-08,...
 y: array([  1.084763e-07 +0.000000e+00j,   5.947154e-08 -2.846132e-25j,
         3.894422e-09 -3.678538e-27j,   5.098036e-08 -2.565235e-25j,
         1.243062e-07 -7.234946e-26j,   9.022498e-08 -1.238325e-25j,...
======================================================================
FAIL: test_psd_csd_equal (matplotlib.tests.test_mlab.spectral_testcase_FsAll_real_defaultsided)
----------------------------------------------------------------------
Traceback (most recent call last):
  File &quot;/builddir/build/BUILDROOT/python-matplotlib-1.5.2-0.2.rc2.fc25.aarch64/usr/lib64/python2.7/site-packages/matplotlib/tests/test_mlab.py&quot;, line 2096, in test_psd_csd_equal
    assert_array_equal(Pxx, Pxy)
  File &quot;/usr/lib64/python2.7/site-packages/numpy/testing/utils.py&quot;, line 811, in assert_array_equal
    verbose=verbose, header=&apos;Arrays are not equal&apos;)
  File &quot;/usr/lib64/python2.7/site-packages/numpy/testing/utils.py&quot;, line 737, in assert_array_compare
    raise AssertionError(msg)
AssertionError: 
Arrays are not equal
(mismatch 96.9230769231%)
 x: array([  7.203696e-06,   4.624615e-04,   1.539987e-03,   2.218494e-03,
         1.157601e-03,   1.667240e-04,   1.000658e-02,   4.707813e-02,
         9.254057e-02,   2.373157e-02,   1.300382e+00,   1.744418e+02,...
 y: array([  7.203696e-06 +0.000000e+00j,   4.624615e-04 -1.080357e-21j,
         1.539987e-03 +7.529828e-21j,   2.218494e-03 +2.647608e-21j,
         1.157601e-03 +3.916541e-21j,   1.667240e-04 +4.591193e-22j,...
======================================================================
FAIL: test_psd_csd_equal (matplotlib.tests.test_mlab.spectral_testcase_FsAll_real_onesided)
----------------------------------------------------------------------
Traceback (most recent call last):
  File &quot;/builddir/build/BUILDROOT/python-matplotlib-1.5.2-0.2.rc2.fc25.aarch64/usr/lib64/python2.7/site-packages/matplotlib/tests/test_mlab.py&quot;, line 2096, in test_psd_csd_equal
    assert_array_equal(Pxx, Pxy)
  File &quot;/usr/lib64/python2.7/site-packages/numpy/testing/utils.py&quot;, line 811, in assert_array_equal
    verbose=verbose, header=&apos;Arrays are not equal&apos;)
  File &quot;/usr/lib64/python2.7/site-packages/numpy/testing/utils.py&quot;, line 737, in assert_array_compare
    raise AssertionError(msg)
AssertionError: 
Arrays are not equal
(mismatch 96.9230769231%)
 x: array([  7.203696e-06,   4.624615e-04,   1.539987e-03,   2.218494e-03,
         1.157601e-03,   1.667240e-04,   1.000658e-02,   4.707813e-02,
         9.254057e-02,   2.373157e-02,   1.300382e+00,   1.744418e+02,...
 y: array([  7.203696e-06 +0.000000e+00j,   4.624615e-04 -1.080357e-21j,
         1.539987e-03 +7.529828e-21j,   2.218494e-03 +2.647608e-21j,
         1.157601e-03 +3.916541e-21j,   1.667240e-04 +4.591193e-22j,...
======================================================================
FAIL: test_psd_csd_equal (matplotlib.tests.test_mlab.spectral_testcase_FsAll_real_twosided)
----------------------------------------------------------------------
Traceback (most recent call last):
  File &quot;/builddir/build/BUILDROOT/python-matplotlib-1.5.2-0.2.rc2.fc25.aarch64/usr/lib64/python2.7/site-packages/matplotlib/tests/test_mlab.py&quot;, line 2096, in test_psd_csd_equal
    assert_array_equal(Pxx, Pxy)
  File &quot;/usr/lib64/python2.7/site-packages/numpy/testing/utils.py&quot;, line 811, in assert_array_equal
    verbose=verbose, header=&apos;Arrays are not equal&apos;)
  File &quot;/usr/lib64/python2.7/site-packages/numpy/testing/utils.py&quot;, line 737, in assert_array_compare
    raise AssertionError(msg)
AssertionError: 
Arrays are not equal
(mismatch 98.4375%)
 x: array([  1.084763e-07,   5.947154e-08,   3.894422e-09,   5.098036e-08,
         1.243062e-07,   9.022498e-08,   8.124808e-09,   4.643260e-08,
         1.732248e-07,   1.748687e-07,   3.730256e-08,   3.213152e-08,...
 y: array([  1.084763e-07 +0.000000e+00j,   5.947154e-08 -2.846132e-25j,
         3.894422e-09 -3.678538e-27j,   5.098036e-08 -2.565235e-25j,
         1.243062e-07 -7.234946e-26j,   9.022498e-08 -1.238325e-25j,...
----------------------------------------------------------------------
Ran 5200 tests in 170.338s
FAILED (KNOWNFAIL=453, SKIP=14, failures=13)
error: Bad exit status from /var/tmp/rpm-tmp.5PdpC5 (%check)
    Bad exit status from /var/tmp/rpm-tmp.5PdpC5 (%check)
RPM build errors:
Child return code was: 1
EXCEPTION: [Error()]
Traceback (most recent call last):
  File &quot;/usr/lib/python3.5/site-packages/mockbuild/trace_decorator.py&quot;, line 88, in trace
    result = func(*args, **kw)
  File &quot;/usr/lib/python3.5/site-packages/mockbuild/util.py&quot;, line 551, in do
    raise exception.Error(&quot;Command failed. See logs for output.\n # %s&quot; % (command,), child.returncode)
mockbuild.exception.Error: Command failed. See logs for output.</thetext>
  </long_desc><long_desc isprivate="0" >
    <commentid>9722526</commentid>
    <comment_count>1</comment_count>
    <who name="Thomas Spura">tomspur</who>
    <bug_when>2016-09-19 14:28:38 -0400</bug_when>
    <thetext>(In reply to Peter Robinson from comment #0)
&gt; python-matplotlib-1.5.2-0.2.rc2.fc25
&gt; 
&gt; http://arm.koji.fedoraproject.org/koji/taskinfo?taskID=3665004
&gt; 
&gt; It could possibly be due to an assumption about page size (64K vs 4K page
&gt; sizes). Fedora and RHEL support 64K on aarch64, other distros support 4K

This is reported upstream to also fail on debian arm64 in the same way:
https://github.com/matplotlib/matplotlib/issues/5256</thetext>
  </long_desc><long_desc isprivate="0" >
    <commentid>9733621</commentid>
    <comment_count>2</comment_count>
    <who name="Dominik &apos;Rathann&apos; Mierzejewski">dominik</who>
    <bug_when>2016-09-22 06:59:27 -0400</bug_when>
    <thetext>Actually I reported a new issue, specific to 2.0.0b4 which I&apos;m working on right now.</thetext>
  </long_desc><long_desc isprivate="0" >
    <commentid>10190981</commentid>
    <comment_count>3</comment_count>
    <who name="Fedora End Of Life">jkurik</who>
    <bug_when>2017-02-28 05:05:02 -0500</bug_when>
    <thetext>This bug appears to have been reported against &apos;rawhide&apos; during the Fedora 26 development cycle.
Changing version to &apos;26&apos;.</thetext>
  </long_desc><long_desc isprivate="0" >
    <commentid>10302228</commentid>
    <comment_count>4</comment_count>
    <who name="Ngo Than">than</who>
    <bug_when>2017-04-04 08:19:29 -0400</bug_when>
    <thetext>it&apos;s fixed in  python-matplotlib-2.0.0-2.fc26.2.

https://koji.fedoraproject.org/koji/buildinfo?buildID=866604</thetext>
  </long_desc><long_desc isprivate="0" >
    <commentid>10306083</commentid>
    <comment_count>5</comment_count>
    <who name="Fedora Update System">updates</who>
    <bug_when>2017-04-05 05:38:11 -0400</bug_when>
    <thetext>python-matplotlib-2.0.0-2.fc26.2 has been submitted as an update to Fedora 26. https://bodhi.fedoraproject.org/updates/FEDORA-2017-4732cdfecb</thetext>
  </long_desc><long_desc isprivate="0" >
    <commentid>10308430</commentid>
    <comment_count>6</comment_count>
    <who name="Fedora Update System">updates</who>
    <bug_when>2017-04-05 17:55:37 -0400</bug_when>
    <thetext>python-matplotlib-2.0.0-2.fc26.2 has been pushed to the Fedora 26 testing repository. If problems still persist, please make note of it in this bug report.
See https://fedoraproject.org/wiki/QA:Updates_Testing for
instructions on how to install test updates.
You can provide feedback for this update here: https://bodhi.fedoraproject.org/updates/FEDORA-2017-4732cdfecb</thetext>
  </long_desc><long_desc isprivate="0" >
    <commentid>10337078</commentid>
    <comment_count>7</comment_count>
    <who name="Fedora Update System">updates</who>
    <bug_when>2017-04-16 10:38:20 -0400</bug_when>
    <thetext>python-matplotlib-2.0.0-2.fc26.2 has been pushed to the Fedora 26 stable repository. If problems still persist, please make note of it in this bug report.</thetext>
  </long_desc>
      
      

    </bug>

</bugzilla>