<?xml version="1.0" encoding="UTF-8" standalone="yes" ?>
<!DOCTYPE bugzilla SYSTEM "https://bugzilla.redhat.com/page.cgi?id=bugzilla.dtd">

<bugzilla version="4.4.12068.1"
          urlbase="https://bugzilla.redhat.com/"
          
          maintainer="bugzilla-error-list@redhat.com"
>

    <bug>
          <bug_id>1390149</bug_id>
          
          <creation_ts>2016-10-31 06:21:00 -0400</creation_ts>
          <short_desc>[gromacs] CpuInfoTest.SupportLevel fails</short_desc>
          <delta_ts>2017-06-08 17:07:01 -0400</delta_ts>
          <reporter_accessible>1</reporter_accessible>
          <cclist_accessible>1</cclist_accessible>
          <classification_id>2</classification_id>
          <classification>Fedora</classification>
          <product>Fedora</product>
          <component>gromacs</component>
          <version>26</version>
          <rep_platform>s390x</rep_platform>
          <op_sys>Unspecified</op_sys>
          <bug_status>CLOSED</bug_status>
          <resolution>CURRENTRELEASE</resolution>
          
          
          <bug_file_loc></bug_file_loc>
          <status_whiteboard></status_whiteboard>
          <keywords></keywords>
          <priority>unspecified</priority>
          <bug_severity>unspecified</bug_severity>
          <target_milestone>---</target_milestone>
          
          <blocked>467765</blocked>
          <everconfirmed>1</everconfirmed>
          <reporter name="Dan Horák">dan</reporter>
          <assigned_to name="Christoph Junghans">junghans</assigned_to>
          <cc>dakingun</cc>
    
    
    <cc>dominik</cc>
    
    
    <cc>junghans</cc>
          <qa_contact name="Fedora Extras Quality Assurance">extras-qa</qa_contact>
          
          <cf_fixed_in></cf_fixed_in>
          <cf_doc_type>If docs needed, set a value</cf_doc_type>
          <cf_release_notes></cf_release_notes>
          <cf_story_points>---</cf_story_points>
          
          <cf_environment></cf_environment>
          <cf_last_closed>2017-06-08 17:07:01</cf_last_closed>
          <cf_type>Bug</cf_type>
          <cf_regression_status>---</cf_regression_status>
          <cf_mount_type>---</cf_mount_type>
          <cf_documentation_action>---</cf_documentation_action>
          <cf_crm></cf_crm>
          <cf_verified_branch></cf_verified_branch>
          <cf_category>---</cf_category>
          <cf_ovirt_team>---</cf_ovirt_team>
          
          <cf_cloudforms_team>---</cf_cloudforms_team>
          
          
          
          
          <target_release>---</target_release>
          
          <votes>0</votes>

      

      

      

          <comment_sort_order>oldest_to_newest</comment_sort_order>  
          <long_desc isprivate="0" >
    <commentid>9833106</commentid>
    <comment_count>0</comment_count>
      <attachid>1215741</attachid>
    <who name="Dan Horák">dan</who>
    <bug_when>2016-10-31 06:21:46 -0400</bug_when>
    <thetext>Created attachment 1215741
fix x86 conditional

The CpuInfoTest.SupportLevel testcase fails on s390x because wrong condition in
src/gromacs/hardware/tests/cpuinfo.cpp is used, (IMHO) on unknown architecture the GMX_TARGET_X86 symbol is defined to zero, but I expect it&apos;s fully undefined on known non-x86 arches.

[ 98%] Running all tests
/usr/bin/ctest --output-on-failure
Test project /builddir/build/BUILD/gromacs-2016/mpich
      Start  1: TestUtilsUnitTests
 1/13 Test  #1: TestUtilsUnitTests ...............   Passed    0.05 sec
      Start  2: MdlibUnitTest
 2/13 Test  #2: MdlibUnitTest ....................   Passed    0.01 sec
      Start  3: CommandLineUnitTests
 3/13 Test  #3: CommandLineUnitTests .............   Passed    0.02 sec
      Start  4: FFTUnitTests
 4/13 Test  #4: FFTUnitTests .....................   Passed    0.04 sec
      Start  5: HardwareUnitTests
 5/13 Test  #5: HardwareUnitTests ................***Failed    0.84 sec
[==========] Running 5 tests from 2 test cases.
[----------] Global test environment set-up.
[----------] 1 test from CpuInfoTest
[ RUN      ] CpuInfoTest.SupportLevel
/builddir/build/BUILD/gromacs-2016/src/gromacs/hardware/tests/cpuinfo.cpp:72: Failure
Expected: (c.supportLevel()) &gt;= (gmx::CpuInfo::SupportLevel::Features), actual: 4-byte object &lt;00-00 00-01&gt; vs 4-byte object &lt;00-00 00-02&gt;
No CPU features could be detected. 
GROMACS might still work, but it will likely hurt your performance.
Please mail gmx-developers@gromacs.org so we can try to fix it.
[  FAILED  ] CpuInfoTest.SupportLevel (0 ms)
[----------] 1 test from CpuInfoTest (0 ms total)
[----------] 4 tests from HardwareTopologyTest
[ RUN      ] HardwareTopologyTest.Execute
[       OK ] HardwareTopologyTest.Execute (831 ms)
[ RUN      ] HardwareTopologyTest.HwlocExecute
[       OK ] HardwareTopologyTest.HwlocExecute (2 ms)
[ RUN      ] HardwareTopologyTest.ProcessorSelfconsistency
[       OK ] HardwareTopologyTest.ProcessorSelfconsistency (2 ms)
[ RUN      ] HardwareTopologyTest.NumaCacheSelfconsistency
[       OK ] HardwareTopologyTest.NumaCacheSelfconsistency (2 ms)
[----------] 4 tests from HardwareTopologyTest (837 ms total)
[----------] Global test environment tear-down
[==========] 5 tests from 2 test cases ran. (837 ms total)
[  PASSED  ] 4 tests.
[  FAILED  ] 1 test, listed below:
[  FAILED  ] CpuInfoTest.SupportLevel
 1 FAILED TEST
      Start  6: MathUnitTests
 6/13 Test  #6: MathUnitTests ....................   Passed    0.01 sec
      Start  7: OnlineHelpUnitTests
 7/13 Test  #7: OnlineHelpUnitTests ..............   Passed    0.01 sec
      Start  8: OptionsUnitTests
 8/13 Test  #8: OptionsUnitTests .................   Passed    0.01 sec
      Start  9: RandomUnitTests
 9/13 Test  #9: RandomUnitTests ..................   Passed    0.03 sec
      Start 10: UtilityUnitTests
10/13 Test #10: UtilityUnitTests .................   Passed    0.02 sec
      Start 11: FileIOTests
11/13 Test #11: FileIOTests ......................   Passed    0.02 sec
      Start 12: PullTest
12/13 Test #12: PullTest .........................   Passed    0.01 sec
      Start 13: SimdUnitTests
13/13 Test #13: SimdUnitTests ....................   Passed    0.02 sec
92% tests passed, 1 tests failed out of 13
Label Time Summary:
GTest       =   1.09 sec (13 tests)
UnitTest    =   1.09 sec (13 tests)
Total Test time (real) =   1.10 sec
The following tests FAILED:
	  5 - HardwareUnitTests (Failed)
Errors while running CTest

for full logs please see http://s390.koji.fedoraproject.org/koji/taskinfo?taskID=2388681


Version-Release number of selected component (if applicable):
gromacs-2016-2.fc26</thetext>
  </long_desc><long_desc isprivate="0" >
    <commentid>9833205</commentid>
    <comment_count>1</comment_count>
    <who name="Dan Horák">dan</who>
    <bug_when>2016-10-31 06:55:26 -0400</bug_when>
    <thetext>scratch builds succeed on s390x, ppc64le, x86_64 with the proposed fix applied
http://s390.koji.fedoraproject.org/koji/taskinfo?taskID=2388828
http://koji.fedoraproject.org/koji/taskinfo?taskID=16258655
http://koji.fedoraproject.org/koji/taskinfo?taskID=16258616</thetext>
  </long_desc><long_desc isprivate="0" >
    <commentid>9871167</commentid>
    <comment_count>2</comment_count>
    <who name="Dan Horák">dan</who>
    <bug_when>2016-11-08 05:46:38 -0500</bug_when>
    <thetext>reported upstream as https://gerrit.gromacs.org/#/c/6321/</thetext>
  </long_desc><long_desc isprivate="0" >
    <commentid>10145746</commentid>
    <comment_count>3</comment_count>
    <who name="Dan Horák">dan</who>
    <bug_when>2017-02-14 04:26:00 -0500</bug_when>
    <thetext>seems fixed with gromacs-2016.2-1.fc26 - https://s390.koji.fedoraproject.org/koji/buildinfo?buildID=456201</thetext>
  </long_desc><long_desc isprivate="0" >
    <commentid>10191491</commentid>
    <comment_count>4</comment_count>
    <who name="Fedora End Of Life">jkurik</who>
    <bug_when>2017-02-28 05:32:06 -0500</bug_when>
    <thetext>This bug appears to have been reported against &apos;rawhide&apos; during the Fedora 26 development cycle.
Changing version to &apos;26&apos;.</thetext>
  </long_desc><long_desc isprivate="0" >
    <commentid>10490921</commentid>
    <comment_count>5</comment_count>
    <who name="Fedora Admin XMLRPC Client">fedora-admin-xmlrpc</who>
    <bug_when>2017-06-08 17:02:05 -0400</bug_when>
    <thetext>This package has changed ownership in the Fedora Package Database.  Reassigning to the new owner of this component.</thetext>
  </long_desc><long_desc isprivate="0" >
    <commentid>10490934</commentid>
    <comment_count>6</comment_count>
    <who name="Dominik &apos;Rathann&apos; Mierzejewski">dominik</who>
    <bug_when>2017-06-08 17:07:01 -0400</bug_when>
    <thetext>This is fixed, according to comment #3.</thetext>
  </long_desc>
      
          <attachment
              isobsolete="0"
              ispatch="1"
              isprivate="0"
          >
            <attachid>1215741</attachid>
            <date>2016-10-31 06:21:00 -0400</date>
            <delta_ts>2016-10-31 06:21:46 -0400</delta_ts>
            <desc>fix x86 conditional</desc>
            <filename>file_1390149.txt</filename>
            <type>text/plain</type>
            <size>716</size>
            <attacher name="Dan Horák">dan</attacher>
            
              <data encoding="base64">ZGlmZiAtdXAgZ3JvbWFjcy0yMDE2L3NyYy9ncm9tYWNzL2hhcmR3YXJlL3Rlc3RzL2NwdWluZm8u
Y3BwLnMzOTAgZ3JvbWFjcy0yMDE2L3NyYy9ncm9tYWNzL2hhcmR3YXJlL3Rlc3RzL2NwdWluZm8u
Y3BwDQotLS0gZ3JvbWFjcy0yMDE2L3NyYy9ncm9tYWNzL2hhcmR3YXJlL3Rlc3RzL2NwdWluZm8u
Y3BwLnMzOTAJMjAxNi0xMC0zMSAxMDoxMDoyNy4xMTIzNDM0NDYgKzAxMDANCisrKyBncm9tYWNz
LTIwMTYvc3JjL2dyb21hY3MvaGFyZHdhcmUvdGVzdHMvY3B1aW5mby5jcHAJMjAxNi0xMC0zMSAx
MDoxMDozMy4xOTIzNDM0NDYgKzAxMDANCkBAIC02OCw3ICs2OCw3IEBAIFRFU1QoQ3B1SW5mb1Rl
c3QsIFN1cHBvcnRMZXZlbCkNCiAgICAgRVhQRUNUX0dUKGMuc3VwcG9ydExldmVsKCksIGdteDo6
Q3B1SW5mbzo6U3VwcG9ydExldmVsOjpOb25lKQ0KICAgICA8PCAiTm8gQ1BVIGluZm9ybWF0aW9u
IGF0IGFsbCBjb3VsZCBiZSBkZXRlY3RlZC4gIiA8PCBjb21tb25Nc2cgPDwgc3RkOjplbmRsOw0K
IA0KLSNpZmRlZiBHTVhfVEFSR0VUX1g4Ng0KKyNpZiBHTVhfVEFSR0VUX1g4Ng0KICAgICBFWFBF
Q1RfR0UoYy5zdXBwb3J0TGV2ZWwoKSwgZ214OjpDcHVJbmZvOjpTdXBwb3J0TGV2ZWw6OkZlYXR1
cmVzKQ0KICAgICA8PCAiTm8gQ1BVIGZlYXR1cmVzIGNvdWxkIGJlIGRldGVjdGVkLiAiIDw8IGNv
bW1vbk1zZyA8PCBzdGQ6OmVuZGw7DQogI2VuZGlmDQo=
</data>

          </attachment>
      

    </bug>

</bugzilla>