<?xml version="1.0" encoding="UTF-8" standalone="yes" ?>
<!DOCTYPE bugzilla SYSTEM "https://bugzilla.redhat.com/page.cgi?id=bugzilla.dtd">

<bugzilla version="4.4.12068.1"
          urlbase="https://bugzilla.redhat.com/"
          
          maintainer="bugzilla-error-list@redhat.com"
>

    <bug>
          <bug_id>1421840</bug_id>
          
          <creation_ts>2017-02-13 15:08:00 -0500</creation_ts>
          <short_desc>sepolicy.search() tracebacks</short_desc>
          <delta_ts>2017-04-06 08:23:10 -0400</delta_ts>
          <reporter_accessible>1</reporter_accessible>
          <cclist_accessible>1</cclist_accessible>
          <classification_id>2</classification_id>
          <classification>Fedora</classification>
          <product>Fedora</product>
          <component>policycoreutils</component>
          <version>26</version>
          <rep_platform>All</rep_platform>
          <op_sys>Linux</op_sys>
          <bug_status>CLOSED</bug_status>
          <resolution>CURRENTRELEASE</resolution>
          
          
          <bug_file_loc></bug_file_loc>
          <status_whiteboard></status_whiteboard>
          <keywords></keywords>
          <priority>medium</priority>
          <bug_severity>medium</bug_severity>
          <target_milestone>---</target_milestone>
          
          
          <everconfirmed>1</everconfirmed>
          <reporter name="Milos Malik">mmalik</reporter>
          <assigned_to name="Petr Lautrbach">plautrba</assigned_to>
          <cc>dwalsh</cc>
    
    
    <cc>mgrepl</cc>
    
    
    <cc>plautrba</cc>
    
    
    <cc>pmoore</cc>
    
    
    <cc>vmojzis</cc>
          <qa_contact name="Fedora Extras Quality Assurance">extras-qa</qa_contact>
          
          <cf_fixed_in>policycoreutils-devel-2.6-3.fc26.x86_64</cf_fixed_in>
          <cf_doc_type>If docs needed, set a value</cf_doc_type>
          <cf_release_notes></cf_release_notes>
          <cf_story_points>---</cf_story_points>
          
          <cf_environment></cf_environment>
          <cf_last_closed>2017-04-06 08:23:10</cf_last_closed>
          <cf_type>Bug</cf_type>
          <cf_regression_status>---</cf_regression_status>
          <cf_mount_type>---</cf_mount_type>
          <cf_documentation_action>---</cf_documentation_action>
          <cf_crm></cf_crm>
          <cf_verified_branch></cf_verified_branch>
          <cf_category>---</cf_category>
          <cf_ovirt_team>---</cf_ovirt_team>
          
          <cf_cloudforms_team>---</cf_cloudforms_team>
          
          
          
          
          <target_release>---</target_release>
          
          <votes>0</votes>

      

      

      

          <comment_sort_order>oldest_to_newest</comment_sort_order>  
          <long_desc isprivate="0" >
    <commentid>10144286</commentid>
    <comment_count>0</comment_count>
    <who name="Milos Malik">mmalik</who>
    <bug_when>2017-02-13 15:08:27 -0500</bug_when>
    <thetext>Description of problem:

Version-Release number of selected component (if applicable):
policycoreutils-python-2.6-0.8.fc25.x86_64
policycoreutils-devel-2.6-0.8.fc25.x86_64
policycoreutils-python3-2.6-0.8.fc25.x86_64
policycoreutils-python-utils-2.6-0.8.fc25.x86_64
policycoreutils-gui-2.6-0.8.fc25.x86_64
policycoreutils-2.6-0.8.fc25.x86_64

How reproducible:
* always

Actual results:
# python
Python 2.7.13 (default, Jan 12 2017, 17:59:37) 
[GCC 6.3.1 20161221 (Red Hat 6.3.1-1)] on linux2
Type &quot;help&quot;, &quot;copyright&quot;, &quot;credits&quot; or &quot;license&quot; for more information.
&gt;&gt;&gt; import sepolicy
&gt;&gt;&gt; sepolicy.search([sepolicy.DONTAUDIT])
[]
&gt;&gt;&gt; sepolicy.search([sepolicy.ALLOW])
Traceback (most recent call last):
  File &quot;&lt;stdin&gt;&quot;, line 1, in &lt;module&gt;
  File &quot;/usr/lib/python2.7/site-packages/sepolicy/__init__.py&quot;, line 326, in search
    tclass=tclass)
  File &quot;/usr/lib64/python2.7/site-packages/setools/terulequery.py&quot;, line 126, in __init__
    super(TERuleQuery, self).__init__(policy, **kwargs)
  File &quot;/usr/lib64/python2.7/site-packages/setools/query.py&quot;, line 39, in __init__
    setattr(self, name, kwargs[name])
  File &quot;/usr/lib64/python2.7/site-packages/setools/descriptors.py&quot;, line 114, in __set__
    self.instances[obj] = set(self.enum_class.lookup(v) for v in value)
  File &quot;/usr/lib64/python2.7/site-packages/setools/policyrep/util.py&quot;, line 53, in __hash__
    return hash(self.name)
AttributeError: &apos;TERuletype&apos; object has no attribute &apos;name&apos;
&gt;&gt;&gt; sepolicy.search([sepolicy.NEVERALLOW])
Traceback (most recent call last):
  File &quot;&lt;stdin&gt;&quot;, line 1, in &lt;module&gt;
  File &quot;/usr/lib/python2.7/site-packages/sepolicy/__init__.py&quot;, line 326, in search
    tclass=tclass)
  File &quot;/usr/lib64/python2.7/site-packages/setools/terulequery.py&quot;, line 126, in __init__
    super(TERuleQuery, self).__init__(policy, **kwargs)
  File &quot;/usr/lib64/python2.7/site-packages/setools/query.py&quot;, line 39, in __init__
    setattr(self, name, kwargs[name])
  File &quot;/usr/lib64/python2.7/site-packages/setools/descriptors.py&quot;, line 114, in __set__
    self.instances[obj] = set(self.enum_class.lookup(v) for v in value)
  File &quot;/usr/lib64/python2.7/site-packages/setools/policyrep/util.py&quot;, line 53, in __hash__
    return hash(self.name)
AttributeError: &apos;TERuletype&apos; object has no attribute &apos;name&apos;
&gt;&gt;&gt; sepolicy.search([sepolicy.ROLE_ALLOW])
Traceback (most recent call last):
  File &quot;&lt;stdin&gt;&quot;, line 1, in &lt;module&gt;
  File &quot;/usr/lib/python2.7/site-packages/sepolicy/__init__.py&quot;, line 352, in search
    tclass=tclass)
  File &quot;/usr/lib64/python2.7/site-packages/setools/rbacrulequery.py&quot;, line 88, in __init__
    super(RBACRuleQuery, self).__init__(policy, **kwargs)
  File &quot;/usr/lib64/python2.7/site-packages/setools/query.py&quot;, line 39, in __init__
    setattr(self, name, kwargs[name])
  File &quot;/usr/lib64/python2.7/site-packages/setools/descriptors.py&quot;, line 114, in __set__
    self.instances[obj] = set(self.enum_class.lookup(v) for v in value)
  File &quot;/usr/lib64/python2.7/site-packages/setools/policyrep/util.py&quot;, line 53, in __hash__
    return hash(self.name)
AttributeError: &apos;RBACRuletype&apos; object has no attribute &apos;name&apos;
&gt;&gt;&gt; 

Expected results:
* no tracebacks</thetext>
  </long_desc><long_desc isprivate="0" >
    <commentid>10144294</commentid>
    <comment_count>1</comment_count>
    <who name="Milos Malik">mmalik</who>
    <bug_when>2017-02-13 15:14:21 -0500</bug_when>
    <thetext># python
Python 2.7.13 (default, Jan 12 2017, 17:59:37) 
[GCC 6.3.1 20161221 (Red Hat 6.3.1-1)] on linux2
Type &quot;help&quot;, &quot;copyright&quot;, &quot;credits&quot; or &quot;license&quot; for more information.
&gt;&gt;&gt; import sepolicy
&gt;&gt;&gt; sepolicy.search([sepolicy.TRANSITION])
Traceback (most recent call last):
  File &quot;&lt;stdin&gt;&quot;, line 1, in &lt;module&gt;
  File &quot;/usr/lib/python2.7/site-packages/sepolicy/__init__.py&quot;, line 339, in search
    tclass=tclass)
  File &quot;/usr/lib64/python2.7/site-packages/setools/terulequery.py&quot;, line 126, in __init__
    super(TERuleQuery, self).__init__(policy, **kwargs)
  File &quot;/usr/lib64/python2.7/site-packages/setools/query.py&quot;, line 39, in __init__
    setattr(self, name, kwargs[name])
  File &quot;/usr/lib64/python2.7/site-packages/setools/descriptors.py&quot;, line 114, in __set__
    self.instances[obj] = set(self.enum_class.lookup(v) for v in value)
  File &quot;/usr/lib64/python2.7/site-packages/setools/policyrep/util.py&quot;, line 53, in __hash__
    return hash(self.name)
AttributeError: &apos;TERuletype&apos; object has no attribute &apos;name&apos;
&gt;&gt;&gt; sepolicy.search([sepolicy.AUDITALLOW])
Traceback (most recent call last):
  File &quot;&lt;stdin&gt;&quot;, line 1, in &lt;module&gt;
  File &quot;/usr/lib/python2.7/site-packages/sepolicy/__init__.py&quot;, line 326, in search
    tclass=tclass)
  File &quot;/usr/lib64/python2.7/site-packages/setools/terulequery.py&quot;, line 126, in __init__
    super(TERuleQuery, self).__init__(policy, **kwargs)
  File &quot;/usr/lib64/python2.7/site-packages/setools/query.py&quot;, line 39, in __init__
    setattr(self, name, kwargs[name])
  File &quot;/usr/lib64/python2.7/site-packages/setools/descriptors.py&quot;, line 114, in __set__
    self.instances[obj] = set(self.enum_class.lookup(v) for v in value)
  File &quot;/usr/lib64/python2.7/site-packages/setools/policyrep/util.py&quot;, line 53, in __hash__
    return hash(self.name)
AttributeError: &apos;TERuletype&apos; object has no attribute &apos;name&apos;
&gt;&gt;&gt;</thetext>
  </long_desc><long_desc isprivate="0" >
    <commentid>10145510</commentid>
    <comment_count>2</comment_count>
    <who name="Petr Lautrbach">plautrba</who>
    <bug_when>2017-02-14 03:06:13 -0500</bug_when>
    <thetext>Thanks for the report. I&apos;ll try to to fix it.

However it seems to work with python3 - the Fedora default:

$ python3               
Python 3.6.0 (default, Feb  2 2017, 10:42:33) 
[GCC 7.0.1 20170131 (Red Hat 7.0.1-0.4)] on linux
Type &quot;help&quot;, &quot;copyright&quot;, &quot;credits&quot; or &quot;license&quot; for more information.
&gt;&gt;&gt; import sepolicy
&gt;&gt;&gt; allow = sepolicy.search([sepolicy.ALLOW])
&gt;&gt;&gt; len(allow)
102025</thetext>
  </long_desc><long_desc isprivate="0" >
    <commentid>10192227</commentid>
    <comment_count>3</comment_count>
    <who name="Fedora End Of Life">jkurik</who>
    <bug_when>2017-02-28 06:16:51 -0500</bug_when>
    <thetext>This bug appears to have been reported against &apos;rawhide&apos; during the Fedora 26 development cycle.
Changing version to &apos;26&apos;.</thetext>
  </long_desc>
      
      

    </bug>

</bugzilla>