<?xml version="1.0" encoding="UTF-8" standalone="yes" ?>
<!DOCTYPE bugzilla SYSTEM "https://bugzilla.redhat.com/page.cgi?id=bugzilla.dtd">

<bugzilla version="4.4.12068.1"
          urlbase="https://bugzilla.redhat.com/"
          
          maintainer="bugzilla-error-list@redhat.com"
>

    <bug>
          <bug_id>1450193</bug_id>
          
          <creation_ts>2017-05-11 15:12:00 -0400</creation_ts>
          <short_desc>stap is non functional on f26</short_desc>
          <delta_ts>2017-06-09 15:00:36 -0400</delta_ts>
          <reporter_accessible>1</reporter_accessible>
          <cclist_accessible>1</cclist_accessible>
          <classification_id>2</classification_id>
          <classification>Fedora</classification>
          <product>Fedora</product>
          <component>systemtap</component>
          <version>26</version>
          <rep_platform>Unspecified</rep_platform>
          <op_sys>Unspecified</op_sys>
          <bug_status>CLOSED</bug_status>
          <resolution>ERRATA</resolution>
          
          
          <bug_file_loc></bug_file_loc>
          <status_whiteboard></status_whiteboard>
          <keywords></keywords>
          <priority>unspecified</priority>
          <bug_severity>unspecified</bug_severity>
          <target_milestone>---</target_milestone>
          
          
          <everconfirmed>1</everconfirmed>
          <reporter name="Alexander Kurtakov">akurtako</reporter>
          <assigned_to name="Frank Ch. Eigler">fche</assigned_to>
          <cc>brolley</cc>
    
    
    <cc>dsmith</cc>
    
    
    <cc>fche</cc>
    
    
    <cc>jistone</cc>
    
    
    <cc>lberk</cc>
    
    
    <cc>mjw</cc>
    
    
    <cc>scox</cc>
    
    
    <cc>wcohen</cc>
          <qa_contact name="Fedora Extras Quality Assurance">extras-qa</qa_contact>
          
          <cf_fixed_in>systemtap-3.1-5.fc25 systemtap-3.1-5.fc26</cf_fixed_in>
          <cf_doc_type>If docs needed, set a value</cf_doc_type>
          <cf_release_notes></cf_release_notes>
          <cf_story_points>---</cf_story_points>
          
          <cf_environment></cf_environment>
          <cf_last_closed>2017-05-19 19:03:52</cf_last_closed>
          <cf_type>Bug</cf_type>
          <cf_regression_status>---</cf_regression_status>
          <cf_mount_type>---</cf_mount_type>
          <cf_documentation_action>---</cf_documentation_action>
          <cf_crm></cf_crm>
          <cf_verified_branch></cf_verified_branch>
          <cf_category>---</cf_category>
          <cf_ovirt_team>---</cf_ovirt_team>
          
          <cf_cloudforms_team>---</cf_cloudforms_team>
          
          
          
          
          <target_release>---</target_release>
          
          <votes>0</votes>

      

      

      

          <comment_sort_order>oldest_to_newest</comment_sort_order>  
          <long_desc isprivate="0" >
    <commentid>10405539</commentid>
    <comment_count>0</comment_count>
    <who name="Alexander Kurtakov">akurtako</who>
    <bug_when>2017-05-11 15:12:35 -0400</bug_when>
    <thetext>Trying to run:
`stap test.stp` where test.stp is:
```
#! /usr/bin/env stap
probe oneshot { println(&quot;hello world&quot;) }
```

results in:
In file included from /usr/share/systemtap/runtime/linux/runtime.h:209:0,
                 from /usr/share/systemtap/runtime/runtime.h:26,
                 from /tmp/stapRIvR3f/stap_59e7b1a9017091cd7d0deff4191bccdf_995_src.c:25:
/usr/share/systemtap/runtime/linux/access_process_vm.h: In function ‘__access_process_vm_’:
/usr/share/systemtap/runtime/linux/access_process_vm.h:24:8: error: implicit declaration of function ‘get_task_mm’; did you mean ‘get_task_comm’? [-Werror=implicit-function-declaration]
   mm = get_task_mm (tsk);
        ^~~~~~~~~~~
        get_task_comm
/usr/share/systemtap/runtime/linux/access_process_vm.h:24:6: error: assignment makes pointer from integer without a cast [-Werror=int-conversion]
   mm = get_task_mm (tsk);
      ^
/usr/share/systemtap/runtime/linux/access_process_vm.h:77:3: error: implicit declaration of function ‘mmput’; did you mean ‘bdput’? [-Werror=implicit-function-declaration]
   mmput (mm);
   ^~~~~
   bdput
In file included from /usr/share/systemtap/runtime/linux/task_finder2.c:4:0,
                 from /usr/share/systemtap/runtime/linux/task_finder.c:17,
                 from /usr/share/systemtap/runtime/linux/runtime.h:222,
                 from /usr/share/systemtap/runtime/runtime.h:26,
                 from /tmp/stapRIvR3f/stap_59e7b1a9017091cd7d0deff4191bccdf_995_src.c:25:
/usr/share/systemtap/runtime/stp_utrace.c: In function ‘utrace_do_stop’:
/usr/share/systemtap/runtime/stp_utrace.c:1108:4: error: implicit declaration of function ‘__set_task_state’; did you mean ‘__set_task_comm’? [-Werror=implicit-function-declaration]
    __set_task_state(target, TASK_TRACED);
    ^~~~~~~~~~~~~~~~
    __set_task_comm
cc1: all warnings being treated as errors
make[1]: *** [scripts/Makefile.build:294: /tmp/stapRIvR3f/stap_59e7b1a9017091cd7d0deff4191bccdf_995_src.o] Error 1
make: *** [Makefile:1496: _module_/tmp/stapRIvR3f] Error 2
WARNING: kbuild exited with status: 2
Pass 4: compilation failed.  [man error::pass4]</thetext>
  </long_desc><long_desc isprivate="0" >
    <commentid>10421542</commentid>
    <comment_count>1</comment_count>
    <who name="Fedora Update System">updates</who>
    <bug_when>2017-05-17 10:49:42 -0400</bug_when>
    <thetext>systemtap-3.1-5.fc25 has been submitted as an update to Fedora 25. https://bodhi.fedoraproject.org/updates/FEDORA-2017-faafa4bdf6</thetext>
  </long_desc><long_desc isprivate="0" >
    <commentid>10421548</commentid>
    <comment_count>2</comment_count>
    <who name="Fedora Update System">updates</who>
    <bug_when>2017-05-17 10:50:35 -0400</bug_when>
    <thetext>systemtap-3.1-5.fc26 has been submitted as an update to Fedora 26. https://bodhi.fedoraproject.org/updates/FEDORA-2017-3dd26e4798</thetext>
  </long_desc><long_desc isprivate="0" >
    <commentid>10426804</commentid>
    <comment_count>3</comment_count>
    <who name="Fedora Update System">updates</who>
    <bug_when>2017-05-18 15:03:47 -0400</bug_when>
    <thetext>systemtap-3.1-5.fc26 has been pushed to the Fedora 26 testing repository. If problems still persist, please make note of it in this bug report.
See https://fedoraproject.org/wiki/QA:Updates_Testing for
instructions on how to install test updates.
You can provide feedback for this update here: https://bodhi.fedoraproject.org/updates/FEDORA-2017-3dd26e4798</thetext>
  </long_desc><long_desc isprivate="0" >
    <commentid>10427294</commentid>
    <comment_count>4</comment_count>
    <who name="Fedora Update System">updates</who>
    <bug_when>2017-05-18 19:35:09 -0400</bug_when>
    <thetext>systemtap-3.1-5.fc25 has been pushed to the Fedora 25 testing repository. If problems still persist, please make note of it in this bug report.
See https://fedoraproject.org/wiki/QA:Updates_Testing for
instructions on how to install test updates.
You can provide feedback for this update here: https://bodhi.fedoraproject.org/updates/FEDORA-2017-faafa4bdf6</thetext>
  </long_desc><long_desc isprivate="0" >
    <commentid>10430412</commentid>
    <comment_count>5</comment_count>
    <who name="Fedora Update System">updates</who>
    <bug_when>2017-05-19 19:03:52 -0400</bug_when>
    <thetext>systemtap-3.1-5.fc25 has been pushed to the Fedora 25 stable repository. If problems still persist, please make note of it in this bug report.</thetext>
  </long_desc><long_desc isprivate="0" >
    <commentid>10494043</commentid>
    <comment_count>6</comment_count>
    <who name="Fedora Update System">updates</who>
    <bug_when>2017-06-09 15:00:36 -0400</bug_when>
    <thetext>systemtap-3.1-5.fc26 has been pushed to the Fedora 26 stable repository. If problems still persist, please make note of it in this bug report.</thetext>
  </long_desc>
      
      

    </bug>

</bugzilla>