<?xml version="1.0" encoding="UTF-8" standalone="yes" ?>
<!DOCTYPE bugzilla SYSTEM "https://bugzilla.redhat.com/page.cgi?id=bugzilla.dtd">

<bugzilla version="4.4.12068.1"
          urlbase="https://bugzilla.redhat.com/"
          
          maintainer="bugzilla-error-list@redhat.com"
>

    <bug>
          <bug_id>1464570</bug_id>
          
          <creation_ts>2017-06-23 15:25:00 -0400</creation_ts>
          <short_desc>ensurepip python3 package missing _bundled directory</short_desc>
          <delta_ts>2017-07-11 22:12:02 -0400</delta_ts>
          <reporter_accessible>1</reporter_accessible>
          <cclist_accessible>1</cclist_accessible>
          <classification_id>2</classification_id>
          <classification>Fedora</classification>
          <product>Fedora</product>
          <component>python3</component>
          <version>26</version>
          <rep_platform>x86_64</rep_platform>
          <op_sys>Linux</op_sys>
          <bug_status>CLOSED</bug_status>
          <resolution>ERRATA</resolution>
          
          
          <bug_file_loc></bug_file_loc>
          <status_whiteboard></status_whiteboard>
          <keywords></keywords>
          <priority>unspecified</priority>
          <bug_severity>medium</bug_severity>
          <target_milestone>---</target_milestone>
          
          
          <everconfirmed>1</everconfirmed>
          <reporter name="Antoine Cotten">tonio.cotten</reporter>
          <assigned_to name="Charalampos Stratakis">cstratak</assigned_to>
          <cc>bkabrda</cc>
    
    
    <cc>cstratak</cc>
    
    
    <cc>ishcherb</cc>
    
    
    <cc>jon.dufresne</cc>
    
    
    <cc>mcyprian</cc>
    
    
    <cc>mhroncok</cc>
    
    
    <cc>pviktori</cc>
    
    
    <cc>python-sig</cc>
    
    
    <cc>rkuska</cc>
    
    
    <cc>tomspur</cc>
    
    
    <cc>torsava</cc>
          <qa_contact name="Fedora Extras Quality Assurance">extras-qa</qa_contact>
          
          <cf_fixed_in>python3-3.6.1-7.fc26</cf_fixed_in>
          <cf_doc_type>If docs needed, set a value</cf_doc_type>
          <cf_release_notes></cf_release_notes>
          <cf_story_points>---</cf_story_points>
          
          <cf_environment></cf_environment>
          <cf_last_closed>2017-06-26 15:13:30</cf_last_closed>
          <cf_type>Bug</cf_type>
          <cf_regression_status>---</cf_regression_status>
          <cf_mount_type>---</cf_mount_type>
          <cf_documentation_action>---</cf_documentation_action>
          <cf_crm></cf_crm>
          <cf_verified_branch></cf_verified_branch>
          <cf_category>---</cf_category>
          <cf_ovirt_team>---</cf_ovirt_team>
          
          <cf_cloudforms_team>---</cf_cloudforms_team>
          <external_bugs name="Python">29523</external_bugs>
          
          
          
          <target_release>---</target_release>
          
          <votes>0</votes>

      

      

      

          <comment_sort_order>oldest_to_newest</comment_sort_order>  
          <long_desc isprivate="0" >
    <commentid>10536447</commentid>
    <comment_count>0</comment_count>
    <who name="Antoine Cotten">tonio.cotten</who>
    <bug_when>2017-06-23 15:25:11 -0400</bug_when>
    <thetext>Description of problem:

The python3 &apos;ensurepip&apos; package shipped as part of python3-libs is missing the &apos;_bundled&apos; directory.

cf. https://github.com/python/cpython/tree/master/Lib/ensurepip/_bundled

This breaks built-in modules like &apos;venv&apos;.


Version-Release number of selected component (if applicable):

3.6.1-6.fc26.x86_64


How reproducible:

-- Try venv creation -----------------------------

~$ python3 -m venv py36

Error: Command &apos;[&apos;/home/acotten/py36/bin/python3&apos;, &apos;-Im&apos;, &apos;ensurepip&apos;, &apos;--upgrade&apos;, &apos;--default-pip&apos;]&apos; returned non-zero exit status 1.


-- Manually execute the above command ------------

~$ py36/bin/python3 -Im ensurepip

Traceback (most recent call last):
  File &quot;/usr/lib64/python3.6/runpy.py&quot;, line 193, in _run_module_as_main
    &quot;__main__&quot;, mod_spec)
  File &quot;/usr/lib64/python3.6/runpy.py&quot;, line 85, in _run_code
    exec(code, run_globals)
  File &quot;/usr/lib64/python3.6/ensurepip/__main__.py&quot;, line 4, in &lt;module&gt;
    ensurepip._main()
  File &quot;/usr/lib64/python3.6/ensurepip/__init__.py&quot;, line 224, in _main
    default_pip=args.default_pip,
  File &quot;/usr/lib64/python3.6/ensurepip/__init__.py&quot;, line 121, in bootstrap
    shutil.copy(whl, tmpdir)
  File &quot;/usr/lib64/python3.6/shutil.py&quot;, line 241, in copy
    copyfile(src, dst, follow_symlinks=follow_symlinks)
  File &quot;/usr/lib64/python3.6/shutil.py&quot;, line 120, in copyfile
    with open(src, &apos;rb&apos;) as fsrc:
FileNotFoundError: [Errno 2] No such file or directory: &apos;/usr/lib64/python3.6/ensurepip/_bundled/setuptools-34.2.0-py2.py3-none-any.whl&apos;


-- List package directory ------------------------

~$ ls -1 /usr/lib64/python3.6/ensurepip/

__pycache__
rewheel
__init__.py
__main__.py
_uninstall.py


Actual results:

The &apos;/usr/lib64/python3.6/ensurepip/_bundle&apos; directory is missing.


Expected results:

The &apos;/usr/lib64/python3.6/ensurepip/_bundle&apos; directory ships as part of the python3-libs package.</thetext>
  </long_desc><long_desc isprivate="0" >
    <commentid>10536536</commentid>
    <comment_count>1</comment_count>
    <who name="Antoine Cotten">tonio.cotten</who>
    <bug_when>2017-06-23 16:09:49 -0400</bug_when>
    <thetext>This whole thing looks really flawed to me.

1. &apos;ensurepip&apos; is called with the following args from &apos;venv&apos;:
https://github.com/python/cpython/blob/3.6/Lib/venv/__init__.py#L243-L244

2. The expected bundled versions are hardcoded in &apos;ensurepip&apos;:
https://github.com/python/cpython/blob/3.6/Lib/ensurepip/__init__.py#L11-L18

3. &apos;ensurepip&apos; always tries to open the bundled wheels:
https://github.com/python/cpython/blob/3.6/Lib/ensurepip/__init__.py#L80-L87

4. Fedora requires different bundled versions than upstream:
http://pkgs.fedoraproject.org/cgit/rpms/python3.git/tree/00260-require-setuptools-dependencies.patch?h=f26#n9

This means we must pull the &apos;setuptools&apos;, &apos;pip&apos;, etc. into the _bundled directory during the package build.</thetext>
  </long_desc><long_desc isprivate="0" >
    <commentid>10537446</commentid>
    <comment_count>2</comment_count>
    <who name="Charalampos Stratakis">cstratak</who>
    <bug_when>2017-06-24 11:16:27 -0400</bug_when>
    <thetext>This is an issue with setuptools and its dependencies (upstream unbundled them and then rebundled them again) [0] [1].

Already have a fix for it, however I was blocked on creating a new build due to http://bugs.python.org/issue30714 which has been fixed now. Will push a new build soon.

Our python3 version doesn&apos;t use the bundled wheels of setuptools and pip (And that&apos;s why we do not ship the _bundled directory [2]), instead it uses the system installed wheels, which are then installed inside the venvs (rewheel patch [3]).

[0] http://pkgs.fedoraproject.org/cgit/rpms/python-setuptools.git/diff/python-setuptools.spec?id=49b1915e5e251e00a6fc95e78c60e611f633e2cf

[1] http://pkgs.fedoraproject.org/cgit/rpms/python-setuptools.git/commit/?id=5e5ba5a5931b254843baaf45e6dbd1ebe2769b91

[2] http://pkgs.fedoraproject.org/cgit/rpms/python3.git/tree/python3.spec#n1304

[3] http://pkgs.fedoraproject.org/cgit/rpms/python3.git/tree/00189-add-rewheel-module.patch</thetext>
  </long_desc><long_desc isprivate="0" >
    <commentid>10537908</commentid>
    <comment_count>3</comment_count>
    <who name="Fedora Update System">updates</who>
    <bug_when>2017-06-25 06:16:05 -0400</bug_when>
    <thetext>python3-3.6.1-7.fc26 has been submitted as an update to Fedora 26. https://bodhi.fedoraproject.org/updates/FEDORA-2017-cffdee8d35</thetext>
  </long_desc><long_desc isprivate="0" >
    <commentid>10538497</commentid>
    <comment_count>4</comment_count>
    <who name="Fedora Update System">updates</who>
    <bug_when>2017-06-25 21:22:13 -0400</bug_when>
    <thetext>python3-3.6.1-7.fc26 has been pushed to the Fedora 26 testing repository. If problems still persist, please make note of it in this bug report.
See https://fedoraproject.org/wiki/QA:Updates_Testing for
instructions on how to install test updates.
You can provide feedback for this update here: https://bodhi.fedoraproject.org/updates/FEDORA-2017-cffdee8d35</thetext>
  </long_desc><long_desc isprivate="0" >
    <commentid>10541398</commentid>
    <comment_count>5</comment_count>
    <who name="Fedora Update System">updates</who>
    <bug_when>2017-06-26 15:13:30 -0400</bug_when>
    <thetext>python3-3.6.1-7.fc26 has been pushed to the Fedora 26 stable repository. If problems still persist, please make note of it in this bug report.</thetext>
  </long_desc><long_desc isprivate="0" >
    <commentid>10576449</commentid>
    <comment_count>6</comment_count>
    <who name="Jon Dufresne">jon.dufresne</who>
    <bug_when>2017-07-08 12:59:41 -0400</bug_when>
    <thetext>I&apos;m still experiencing this issue with package python3-3.6.1-8.fc26.x86_64

Observe:

$ python3 -m venv venv
Error: Command &apos;[&apos;/home/jon/venv/bin/python3&apos;, &apos;-Im&apos;, &apos;ensurepip&apos;, &apos;--upgrade&apos;, &apos;--default-pip&apos;]&apos; returned non-zero exit status 1.</thetext>
  </long_desc><long_desc isprivate="0" >
    <commentid>10576450</commentid>
    <comment_count>7</comment_count>
    <who name="Antoine Cotten">tonio.cotten</who>
    <bug_when>2017-07-08 13:04:42 -0400</bug_when>
    <thetext>I can&apos;t reproduce with the version you mentioned.

What does &quot;/home/jon/venv/bin/python3 -Im ensurepip --upgrade --default-pip&quot; return?</thetext>
  </long_desc><long_desc isprivate="0" >
    <commentid>10576455</commentid>
    <comment_count>8</comment_count>
    <who name="Jon Dufresne">jon.dufresne</who>
    <bug_when>2017-07-08 13:10:20 -0400</bug_when>
    <thetext>$ /home/jon/venv/bin/python3 -Im ensurepip --upgrade --default-pip
Traceback (most recent call last):
  File &quot;/usr/lib64/python3.6/runpy.py&quot;, line 193, in _run_module_as_main
    &quot;__main__&quot;, mod_spec)
  File &quot;/usr/lib64/python3.6/runpy.py&quot;, line 85, in _run_code
    exec(code, run_globals)
  File &quot;/usr/lib64/python3.6/ensurepip/__main__.py&quot;, line 4, in &lt;module&gt;
    ensurepip._main()
  File &quot;/usr/lib64/python3.6/ensurepip/__init__.py&quot;, line 212, in _main
    default_pip=args.default_pip,
  File &quot;/usr/lib64/python3.6/ensurepip/__init__.py&quot;, line 109, in bootstrap
    shutil.copy(whl, tmpdir)
  File &quot;/usr/lib64/python3.6/shutil.py&quot;, line 241, in copy
    copyfile(src, dst, follow_symlinks=follow_symlinks)
  File &quot;/usr/lib64/python3.6/shutil.py&quot;, line 120, in copyfile
    with open(src, &apos;rb&apos;) as fsrc:
FileNotFoundError: [Errno 2] No such file or directory: &apos;/usr/lib64/python3.6/ensurepip/_bundled/setuptools-28.8.0-py2.py3-none-any.whl&apos;


I installed Fedora 26 from scratch (not an upgrade) yesterday.</thetext>
  </long_desc><long_desc isprivate="0" >
    <commentid>10577079</commentid>
    <comment_count>9</comment_count>
    <who name="Jon Dufresne">jon.dufresne</who>
    <bug_when>2017-07-09 13:34:17 -0400</bug_when>
    <thetext>Should I reopen this as I can still reproduce? Sorry, I&apos;m not sure what correct procedure is.</thetext>
  </long_desc><long_desc isprivate="0" >
    <commentid>10578590</commentid>
    <comment_count>10</comment_count>
    <who name="Charalampos Stratakis">cstratak</who>
    <bug_when>2017-07-10 08:11:09 -0400</bug_when>
    <thetext>(In reply to Jon Dufresne from comment #9)
&gt; Should I reopen this as I can still reproduce? Sorry, I&apos;m not sure what
&gt; correct procedure is.

Hello.

I can&apos;t reproduce it as well. Is this happening on a fresh F26 install? Did you update pip or setuptools somehow through pip?</thetext>
  </long_desc><long_desc isprivate="0" >
    <commentid>10579090</commentid>
    <comment_count>11</comment_count>
    <who name="Jon Dufresne">jon.dufresne</who>
    <bug_when>2017-07-10 10:10:08 -0400</bug_when>
    <thetext>&gt; Is this happening on a fresh F26 install?

Yes. It was installed from scratch on July 8.

&gt; Did you update pip or setuptools somehow through pip?

No. If there is some way I could verify that my system isn&apos;t unintentionally modified, perhaps through check sums, please let me know.</thetext>
  </long_desc><long_desc isprivate="0" >
    <commentid>10579296</commentid>
    <comment_count>12</comment_count>
    <who name="Miro HronÄok">mhroncok</who>
    <bug_when>2017-07-10 10:51:16 -0400</bug_when>
    <thetext>Try:

$ rpm -V $(rpm -qa | grep python3)</thetext>
  </long_desc><long_desc isprivate="0" >
    <commentid>10585119</commentid>
    <comment_count>13</comment_count>
    <who name="Jon Dufresne">jon.dufresne</who>
    <bug_when>2017-07-11 22:12:02 -0400</bug_when>
    <thetext>I reinstalled Fedora 26 from scratch today with the official release. I can no longer reproduce. Not sure what I was experiencing, but can&apos;t reproduce it anymore. Thanks for your time and help.</thetext>
  </long_desc>
      
      

    </bug>

</bugzilla>